<?xml version="1.0" encoding="UTF-8"?>
<coverage generated="1564991100207" clover="3.2.0">
  <project timestamp="1564991100207" name="All files">
    <metrics statements="655" coveredstatements="527" conditionals="317" coveredconditionals="231" methods="147" coveredmethods="117" elements="1119" coveredelements="875" complexity="0" loc="655" ncloc="655" packages="1" files="19" classes="19">
      <file name="Actions.ts" path="D:\Projects\history\src\Actions.ts">
        <metrics statements="8" coveredstatements="8" conditionals="2" coveredconditionals="2" methods="1" coveredmethods="1"/>
        <line num="8" count="4" type="cond" truecount="2" falsecount="0"/>
        <line num="12" count="4" type="stmt"/>
        <line num="16" count="4" type="stmt"/>
        <line num="25" count="4" type="stmt"/>
        <line num="27" count="4" type="stmt"/>
        <line num="29" count="4" type="stmt"/>
        <line num="31" count="4" type="stmt"/>
        <line num="33" count="4" type="stmt"/>
      </file>
      <file name="AsyncUtils.ts" path="D:\Projects\history\src\AsyncUtils.ts">
        <metrics statements="29" coveredstatements="27" conditionals="15" coveredconditionals="13" methods="3" coveredmethods="3"/>
        <line num="15" count="4" type="stmt"/>
        <line num="17" count="91" type="stmt"/>
        <line num="18" count="91" type="stmt"/>
        <line num="19" count="91" type="stmt"/>
        <line num="20" count="91" type="stmt"/>
        <line num="23" count="91" type="stmt"/>
        <line num="24" count="7" type="stmt"/>
        <line num="26" count="7" type="cond" truecount="1" falsecount="1"/>
        <line num="28" count="7" type="stmt"/>
        <line num="29" count="7" type="stmt"/>
        <line num="32" count="0" type="stmt"/>
        <line num="35" count="91" type="stmt"/>
        <line num="36" count="98" type="cond" truecount="1" falsecount="1"/>
        <line num="37" count="0" type="stmt"/>
        <line num="39" count="98" type="stmt"/>
        <line num="41" count="98" type="cond" truecount="2" falsecount="0"/>
        <line num="42" count="4" type="stmt"/>
        <line num="44" count="94" type="stmt"/>
        <line num="46" count="94" type="cond" truecount="3" falsecount="0"/>
        <line num="47" count="14" type="stmt"/>
        <line num="48" count="14" type="stmt"/>
        <line num="51" count="94" type="stmt"/>
        <line num="53" count="94" type="cond" truecount="2" falsecount="0"/>
        <line num="55" count="7" type="stmt"/>
        <line num="56" count="7" type="stmt"/>
        <line num="59" count="87" type="cond" truecount="4" falsecount="0"/>
        <line num="60" count="84" type="stmt"/>
        <line num="61" count="84" type="stmt"/>
        <line num="65" count="91" type="stmt"/>
      </file>
      <file name="BrowserProtocol.ts" path="D:\Projects\history\src\BrowserProtocol.ts">
        <metrics statements="37" coveredstatements="35" conditionals="14" coveredconditionals="11" methods="13" coveredmethods="12"/>
        <line num="8" count="2" type="stmt"/>
        <line num="9" count="2" type="stmt"/>
        <line num="10" count="2" type="stmt"/>
        <line num="11" count="2" type="stmt"/>
        <line num="13" count="2" type="stmt"/>
        <line num="16" count="2" type="stmt"/>
        <line num="17" count="30" type="cond" truecount="2" falsecount="0"/>
        <line num="19" count="30" type="stmt"/>
        <line num="27" count="2" type="stmt"/>
        <line num="30" count="24" type="stmt"/>
        <line num="31" count="24" type="cond" truecount="2" falsecount="0"/>
        <line num="35" count="0" type="stmt"/>
        <line num="38" count="24" type="stmt"/>
        <line num="41" count="2" type="stmt"/>
        <line num="42" count="0" type="stmt"/>
        <line num="45" count="6" type="cond" truecount="1" falsecount="1"/>
        <line num="47" count="2" type="stmt"/>
        <line num="49" count="30" type="stmt"/>
        <line num="50" count="6" type="cond" truecount="1" falsecount="1"/>
        <line num="51" count="6" type="stmt"/>
        <line num="54" count="30" type="stmt"/>
        <line num="56" count="30" type="stmt"/>
        <line num="57" count="30" type="stmt"/>
        <line num="61" count="2" type="stmt"/>
        <line num="62" count="35" type="stmt"/>
        <line num="64" count="35" type="cond" truecount="2" falsecount="0"/>
        <line num="65" count="25" type="stmt"/>
        <line num="67" count="35" type="stmt"/>
        <line num="70" count="2" type="stmt"/>
        <line num="72" count="25" type="stmt"/>
        <line num="73" count="25" type="stmt"/>
        <line num="76" count="2" type="stmt"/>
        <line num="78" count="10" type="stmt"/>
        <line num="79" count="10" type="stmt"/>
        <line num="82" count="2" type="stmt"/>
        <line num="84" count="15" type="cond" truecount="1" falsecount="1"/>
        <line num="85" count="15" type="stmt"/>
      </file>
      <file name="DOMStateStorage.ts" path="D:\Projects\history\src\DOMStateStorage.ts">
        <metrics statements="31" coveredstatements="19" conditionals="14" coveredconditionals="5" methods="3" coveredmethods="3"/>
        <line num="7" count="3" type="stmt"/>
        <line num="9" count="3" type="stmt"/>
        <line num="14" count="3" type="stmt"/>
        <line num="18" count="3" type="stmt"/>
        <line num="20" count="3" type="stmt"/>
        <line num="21" count="82" type="stmt"/>
        <line num="23" count="3" type="stmt"/>
        <line num="25" count="55" type="cond" truecount="1" falsecount="1"/>
        <line num="28" count="0" type="stmt"/>
        <line num="33" count="0" type="stmt"/>
        <line num="36" count="55" type="stmt"/>
        <line num="37" count="55" type="cond" truecount="2" falsecount="0"/>
        <line num="38" count="3" type="stmt"/>
        <line num="40" count="52" type="stmt"/>
        <line num="43" count="0" type="cond" truecount="0" falsecount="2"/>
        <line num="46" count="0" type="stmt"/>
        <line num="51" count="0" type="stmt"/>
        <line num="54" count="0" type="cond" truecount="0" falsecount="4"/>
        <line num="56" count="0" type="stmt"/>
        <line num="61" count="0" type="stmt"/>
        <line num="64" count="0" type="stmt"/>
        <line num="68" count="3" type="stmt"/>
        <line num="71" count="27" type="stmt"/>
        <line num="72" count="27" type="stmt"/>
        <line num="74" count="0" type="cond" truecount="0" falsecount="2"/>
        <line num="77" count="0" type="stmt"/>
        <line num="82" count="0" type="stmt"/>
        <line num="86" count="27" type="cond" truecount="2" falsecount="0"/>
        <line num="87" count="22" type="stmt"/>
        <line num="88" count="22" type="stmt"/>
        <line num="94" count="5" type="stmt"/>
      </file>
      <file name="DOMUtils.ts" path="D:\Projects\history\src\DOMUtils.ts">
        <metrics statements="11" coveredstatements="10" conditionals="13" coveredconditionals="7" methods="4" coveredmethods="4"/>
        <line num="1" count="2" type="stmt"/>
        <line num="3" count="61" type="stmt"/>
        <line num="8" count="2" type="stmt"/>
        <line num="10" count="61" type="stmt"/>
        <line num="22" count="2" type="stmt"/>
        <line num="23" count="100" type="stmt"/>
        <line num="25" count="100" type="cond" truecount="3" falsecount="4"/>
        <line num="30" count="0" type="stmt"/>
        <line num="32" count="100" type="cond" truecount="2" falsecount="0"/>
        <line num="38" count="2" type="stmt"/>
        <line num="39" count="108" type="stmt"/>
      </file>
      <file name="ExecutionEnvironment.ts" path="D:\Projects\history\src\ExecutionEnvironment.ts">
        <metrics statements="1" coveredstatements="1" conditionals="3" coveredconditionals="3" methods="0" coveredmethods="0"/>
        <line num="1" count="2" type="stmt"/>
      </file>
      <file name="HashProtocol.ts" path="D:\Projects\history\src\HashProtocol.ts">
        <metrics statements="69" coveredstatements="67" conditionals="26" coveredconditionals="22" methods="12" coveredmethods="12"/>
        <line num="8" count="1" type="stmt"/>
        <line num="9" count="1" type="stmt"/>
        <line num="10" count="1" type="stmt"/>
        <line num="11" count="1" type="stmt"/>
        <line num="12" count="1" type="stmt"/>
        <line num="20" count="1" type="stmt"/>
        <line num="26" count="1" type="stmt"/>
        <line num="27" count="1" type="stmt"/>
        <line num="29" count="1" type="stmt"/>
        <line num="32" count="1" type="stmt"/>
        <line num="35" count="292" type="stmt"/>
        <line num="36" count="292" type="stmt"/>
        <line num="37" count="292" type="cond" truecount="2" falsecount="0"/>
        <line num="40" count="1" type="stmt"/>
        <line num="41" count="23" type="stmt"/>
        <line num="43" count="1" type="stmt"/>
        <line num="44" count="40" type="stmt"/>
        <line num="46" count="40" type="stmt"/>
        <line num="51" count="1" type="stmt"/>
        <line num="53" count="126" type="stmt"/>
        <line num="54" count="126" type="stmt"/>
        <line num="57" count="126" type="cond" truecount="2" falsecount="0"/>
        <line num="58" count="19" type="stmt"/>
        <line num="59" count="19" type="stmt"/>
        <line num="62" count="126" type="stmt"/>
        <line num="63" count="126" type="stmt"/>
        <line num="65" count="126" type="stmt"/>
        <line num="70" count="1" type="stmt"/>
        <line num="73" count="31" type="stmt"/>
        <line num="74" count="102" type="stmt"/>
        <line num="75" count="102" type="stmt"/>
        <line num="77" count="102" type="cond" truecount="2" falsecount="0"/>
        <line num="79" count="1" type="stmt"/>
        <line num="81" count="101" type="stmt"/>
        <line num="84" count="101" type="cond" truecount="1" falsecount="1"/>
        <line num="85" count="101" type="cond" truecount="4" falsecount="0"/>
        <line num="86" count="14" type="stmt"/>
        <line num="89" count="87" type="stmt"/>
        <line num="90" count="87" type="stmt"/>
        <line num="93" count="87" type="cond" truecount="1" falsecount="1"/>
        <line num="94" count="0" type="stmt"/>
        <line num="97" count="87" type="cond" truecount="2" falsecount="0"/>
        <line num="98" count="74" type="stmt"/>
        <line num="102" count="13" type="stmt"/>
        <line num="104" count="13" type="stmt"/>
        <line num="109" count="31" type="stmt"/>
        <line num="110" count="31" type="stmt"/>
        <line num="112" count="31" type="cond" truecount="2" falsecount="0"/>
        <line num="113" count="29" type="stmt"/>
        <line num="115" count="31" type="stmt"/>
        <line num="117" count="31" type="stmt"/>
        <line num="118" count="31" type="stmt"/>
        <line num="122" count="1" type="stmt"/>
        <line num="123" count="33" type="stmt"/>
        <line num="125" count="33" type="stmt"/>
        <line num="127" count="33" type="cond" truecount="2" falsecount="0"/>
        <line num="128" count="27" type="stmt"/>
        <line num="129" count="27" type="stmt"/>
        <line num="132" count="33" type="stmt"/>
        <line num="134" count="33" type="stmt"/>
        <line num="137" count="1" type="stmt"/>
        <line num="139" count="23" type="stmt"/>
        <line num="140" count="23" type="cond" truecount="1" falsecount="1"/>
        <line num="141" count="23" type="stmt"/>
        <line num="143" count="0" type="stmt"/>
        <line num="147" count="1" type="stmt"/>
        <line num="149" count="10" type="stmt"/>
        <line num="150" count="10" type="cond" truecount="1" falsecount="1"/>
        <line num="151" count="10" type="stmt"/>
      </file>
      <file name="LocationUtils.ts" path="D:\Projects\history\src\LocationUtils.ts">
        <metrics statements="35" coveredstatements="32" conditionals="34" coveredconditionals="27" methods="7" coveredmethods="6"/>
        <line num="8" count="4" type="stmt"/>
        <line num="9" count="4" type="stmt"/>
        <line num="10" count="4" type="stmt"/>
        <line num="23" count="4" type="stmt"/>
        <line num="24" count="26" type="stmt"/>
        <line num="26" count="4" type="stmt"/>
        <line num="27" count="433" type="cond" truecount="6" falsecount="0"/>
        <line num="28" count="253" type="cond" truecount="2" falsecount="0"/>
        <line num="30" count="253" type="cond" truecount="1" falsecount="1"/>
        <line num="31" count="253" type="cond" truecount="2" falsecount="0"/>
        <line num="32" count="253" type="cond" truecount="2" falsecount="0"/>
        <line num="33" count="253" type="stmt"/>
        <line num="35" count="253" type="stmt"/>
        <line num="45" count="4" type="stmt"/>
        <line num="46" count="4" type="stmt"/>
        <line num="48" count="4" type="stmt"/>
        <line num="50" count="9" type="cond" truecount="2" falsecount="0"/>
        <line num="51" count="3" type="stmt"/>
        <line num="53" count="6" type="stmt"/>
        <line num="54" count="6" type="stmt"/>
        <line num="56" count="6" type="cond" truecount="2" falsecount="0"/>
        <line num="57" count="2" type="stmt"/>
        <line num="59" count="4" type="stmt"/>
        <line num="65" count="4" type="cond" truecount="1" falsecount="1"/>
        <line num="66" count="4" type="stmt"/>
        <line num="71" count="4" type="cond" truecount="1" falsecount="1"/>
        <line num="72" count="4" type="stmt"/>
        <line num="73" count="4" type="stmt"/>
        <line num="74" count="4" type="cond" truecount="2" falsecount="0"/>
        <line num="75" count="4" type="stmt"/>
        <line num="78" count="0" type="cond" truecount="0" falsecount="3"/>
        <line num="80" count="0" type="stmt"/>
        <line num="85" count="0" type="stmt"/>
        <line num="88" count="4" type="stmt"/>
        <line num="90" count="35" type="cond" truecount="5" falsecount="0"/>
      </file>
      <file name="PathUtils.ts" path="D:\Projects\history\src\PathUtils.ts">
        <metrics statements="41" coveredstatements="41" conditionals="26" coveredconditionals="26" methods="7" coveredmethods="7"/>
        <line num="8" count="5" type="stmt"/>
        <line num="11" count="5" type="stmt"/>
        <line num="13" count="31" type="stmt"/>
        <line num="15" count="31" type="stmt"/>
        <line num="22" count="5" type="stmt"/>
        <line num="23" count="28" type="stmt"/>
        <line num="25" count="28" type="stmt"/>
        <line num="29" count="25" type="stmt"/>
        <line num="37" count="5" type="stmt"/>
        <line num="39" count="128" type="stmt"/>
        <line num="40" count="128" type="stmt"/>
        <line num="41" count="128" type="cond" truecount="2" falsecount="0"/>
        <line num="44" count="5" type="stmt"/>
        <line num="45" count="352" type="stmt"/>
        <line num="46" count="352" type="cond" truecount="2" falsecount="0"/>
        <line num="49" count="5" type="stmt"/>
        <line num="51" count="352" type="stmt"/>
        <line num="52" count="352" type="stmt"/>
        <line num="53" count="352" type="stmt"/>
        <line num="55" count="352" type="stmt"/>
        <line num="61" count="352" type="stmt"/>
        <line num="62" count="352" type="cond" truecount="2" falsecount="0"/>
        <line num="63" count="9" type="stmt"/>
        <line num="64" count="9" type="stmt"/>
        <line num="67" count="352" type="stmt"/>
        <line num="68" count="352" type="cond" truecount="2" falsecount="0"/>
        <line num="69" count="101" type="stmt"/>
        <line num="70" count="101" type="stmt"/>
        <line num="73" count="352" type="cond" truecount="2" falsecount="0"/>
        <line num="74" count="4" type="stmt"/>
        <line num="76" count="352" type="stmt"/>
        <line num="83" count="5" type="stmt"/>
        <line num="84" count="256" type="cond" truecount="4" falsecount="0"/>
        <line num="85" count="42" type="stmt"/>
        <line num="87" count="214" type="stmt"/>
        <line num="88" count="214" type="cond" truecount="2" falsecount="0"/>
        <line num="90" count="214" type="cond" truecount="4" falsecount="0"/>
        <line num="91" count="164" type="stmt"/>
        <line num="93" count="214" type="cond" truecount="2" falsecount="0"/>
        <line num="94" count="14" type="stmt"/>
        <line num="96" count="214" type="stmt"/>
      </file>
      <file name="RefreshProtocol.ts" path="D:\Projects\history\src\RefreshProtocol.ts">
        <metrics statements="13" coveredstatements="8" conditionals="0" coveredconditionals="0" methods="3" coveredmethods="0"/>
        <line num="8" count="1" type="stmt"/>
        <line num="9" count="1" type="stmt"/>
        <line num="10" count="1" type="stmt"/>
        <line num="15" count="1" type="stmt"/>
        <line num="16" count="1" type="stmt"/>
        <line num="18" count="1" type="stmt"/>
        <line num="20" count="0" type="stmt"/>
        <line num="22" count="1" type="stmt"/>
        <line num="24" count="0" type="stmt"/>
        <line num="25" count="0" type="stmt"/>
        <line num="28" count="1" type="stmt"/>
        <line num="30" count="0" type="stmt"/>
        <line num="31" count="0" type="stmt"/>
      </file>
      <file name="createBrowserHistory.ts" path="D:\Projects\history\src\createBrowserHistory.ts">
        <metrics statements="31" coveredstatements="31" conditionals="12" coveredconditionals="11" methods="5" coveredmethods="5"/>
        <line num="1" count="1" type="stmt"/>
        <line num="2" count="1" type="stmt"/>
        <line num="3" count="1" type="stmt"/>
        <line num="4" count="1" type="stmt"/>
        <line num="5" count="1" type="stmt"/>
        <line num="6" count="1" type="stmt"/>
        <line num="19" count="165" type="cond" truecount="2" falsecount="0"/>
        <line num="20" count="97" type="stmt"/>
        <line num="25" count="97" type="cond" truecount="2" falsecount="0"/>
        <line num="27" count="97" type="cond" truecount="1" falsecount="1"/>
        <line num="30" count="97" type="stmt"/>
        <line num="31" count="97" type="stmt"/>
        <line num="32" count="97" type="stmt"/>
        <line num="33" count="97" type="stmt"/>
        <line num="34" count="97" type="stmt"/>
        <line num="37" count="97" type="stmt"/>
        <line num="46" count="97" type="stmt"/>
        <line num="50" count="97" type="stmt"/>
        <line num="51" count="35" type="cond" truecount="2" falsecount="0"/>
        <line num="52" count="30" type="stmt"/>
        <line num="56" count="35" type="stmt"/>
        <line num="60" count="35" type="stmt"/>
        <line num="61" count="109" type="stmt"/>
        <line num="63" count="109" type="cond" truecount="2" falsecount="0"/>
        <line num="64" count="30" type="stmt"/>
        <line num="68" count="97" type="stmt"/>
        <line num="69" count="7" type="stmt"/>
        <line num="71" count="97" type="stmt"/>
        <line num="72" count="28" type="stmt"/>
        <line num="74" count="97" type="stmt"/>
        <line num="81" count="1" type="stmt"/>
      </file>
      <file name="createHashHistory.ts" path="D:\Projects\history\src\createHashHistory.ts">
        <metrics statements="54" coveredstatements="50" conditionals="22" coveredconditionals="20" methods="14" coveredmethods="13"/>
        <line num="7" count="1" type="stmt"/>
        <line num="8" count="1" type="stmt"/>
        <line num="9" count="1" type="stmt"/>
        <line num="10" count="1" type="stmt"/>
        <line num="11" count="1" type="stmt"/>
        <line num="12" count="1" type="stmt"/>
        <line num="26" count="1" type="stmt"/>
        <line num="28" count="1" type="stmt"/>
        <line num="29" count="281" type="cond" truecount="2" falsecount="0"/>
        <line num="31" count="1" type="stmt"/>
        <line num="33" count="7" type="cond" truecount="2" falsecount="0"/>
        <line num="34" count="5" type="cond" truecount="1" falsecount="1"/>
        <line num="37" count="6" type="cond" truecount="2" falsecount="0"/>
        <line num="47" count="178" type="cond" truecount="2" falsecount="0"/>
        <line num="48" count="107" type="stmt"/>
        <line num="53" count="107" type="stmt"/>
        <line num="55" count="107" type="stmt"/>
        <line num="61" count="107" type="cond" truecount="2" falsecount="0"/>
        <line num="62" count="106" type="stmt"/>
        <line num="64" count="107" type="cond" truecount="2" falsecount="0"/>
        <line num="65" count="101" type="stmt"/>
        <line num="67" count="107" type="cond" truecount="1" falsecount="1"/>
        <line num="68" count="0" type="stmt"/>
        <line num="74" count="0" type="stmt"/>
        <line num="77" count="107" type="stmt"/>
        <line num="79" count="107" type="stmt"/>
        <line num="81" count="107" type="stmt"/>
        <line num="82" count="25" type="stmt"/>
        <line num="84" count="107" type="stmt"/>
        <line num="85" count="23" type="stmt"/>
        <line num="87" count="107" type="stmt"/>
        <line num="88" count="10" type="stmt"/>
        <line num="90" count="107" type="stmt"/>
        <line num="99" count="107" type="stmt"/>
        <line num="103" count="107" type="stmt"/>
        <line num="104" count="36" type="cond" truecount="2" falsecount="0"/>
        <line num="105" count="31" type="stmt"/>
        <line num="111" count="36" type="stmt"/>
        <line num="115" count="36" type="stmt"/>
        <line num="116" count="112" type="stmt"/>
        <line num="118" count="112" type="cond" truecount="2" falsecount="0"/>
        <line num="119" count="31" type="stmt"/>
        <line num="123" count="107" type="stmt"/>
        <line num="124" count="6" type="stmt"/>
        <line num="126" count="107" type="stmt"/>
        <line num="127" count="30" type="stmt"/>
        <line num="129" count="107" type="stmt"/>
        <line num="132" count="107" type="stmt"/>
        <line num="133" count="0" type="stmt"/>
        <line num="138" count="0" type="stmt"/>
        <line num="141" count="107" type="stmt"/>
        <line num="142" count="7" type="stmt"/>
        <line num="144" count="107" type="stmt"/>
        <line num="153" count="1" type="stmt"/>
      </file>
      <file name="createHistory.ts" path="D:\Projects\history\src\createHistory.ts">
        <metrics statements="87" coveredstatements="86" conditionals="56" coveredconditionals="49" methods="24" coveredmethods="24"/>
        <line num="1" count="4" type="stmt"/>
        <line num="2" count="4" type="stmt"/>
        <line num="3" count="4" type="stmt"/>
        <line num="4" count="4" type="stmt"/>
        <line num="5" count="4" type="stmt"/>
        <line num="50" count="297" type="cond" truecount="2" falsecount="0"/>
        <line num="52" count="296" type="stmt"/>
        <line num="53" count="296" type="stmt"/>
        <line num="54" count="296" type="stmt"/>
        <line num="55" count="296" type="stmt"/>
        <line num="56" count="296" type="stmt"/>
        <line num="57" count="296" type="stmt"/>
        <line num="62" count="296" type="stmt"/>
        <line num="63" count="296" type="stmt"/>
        <line num="64" count="296" type="stmt"/>
        <line num="66" count="296" type="stmt"/>
        <line num="67" count="85" type="cond" truecount="2" falsecount="2"/>
        <line num="68" count="0" type="stmt"/>
        <line num="70" count="85" type="cond" truecount="2" falsecount="0"/>
        <line num="71" count="32" type="stmt"/>
        <line num="73" count="53" type="stmt"/>
        <line num="77" count="296" type="stmt"/>
        <line num="78" count="85" type="stmt"/>
        <line num="79" count="85" type="stmt"/>
        <line num="81" count="85" type="cond" truecount="2" falsecount="0"/>
        <line num="82" count="48" type="stmt"/>
        <line num="83" count="37" type="cond" truecount="2" falsecount="0"/>
        <line num="84" count="20" type="stmt"/>
        <line num="87" count="85" type="stmt"/>
        <line num="90" count="296" type="stmt"/>
        <line num="91" count="13" type="stmt"/>
        <line num="93" count="13" type="stmt"/>
        <line num="94" count="13" type="stmt"/>
        <line num="97" count="296" type="stmt"/>
        <line num="98" count="58" type="stmt"/>
        <line num="100" count="58" type="stmt"/>
        <line num="101" count="208" type="stmt"/>
        <line num="104" count="296" type="stmt"/>
        <line num="105" count="91" type="stmt"/>
        <line num="108" count="14" type="stmt"/>
        <line num="109" count="14" type="cond" truecount="2" falsecount="0"/>
        <line num="113" count="91" type="cond" truecount="4" falsecount="0"/>
        <line num="114" count="4" type="stmt"/>
        <line num="116" count="87" type="stmt"/>
        <line num="122" count="296" type="stmt"/>
        <line num="123" count="92" type="cond" truecount="2" falsecount="0"/>
        <line num="127" count="1" type="stmt"/>
        <line num="129" count="91" type="stmt"/>
        <line num="131" count="91" type="stmt"/>
        <line num="132" count="91" type="cond" truecount="2" falsecount="0"/>
        <line num="133" count="1" type="stmt"/>
        <line num="135" count="90" type="stmt"/>
        <line num="137" count="90" type="cond" truecount="2" falsecount="0"/>
        <line num="139" count="85" type="cond" truecount="2" falsecount="0"/>
        <line num="140" count="50" type="stmt"/>
        <line num="141" count="50" type="stmt"/>
        <line num="143" count="50" type="cond" truecount="4" falsecount="0"/>
        <line num="144" count="2" type="stmt"/>
        <line num="147" count="85" type="cond" truecount="2" falsecount="0"/>
        <line num="148" count="17" type="stmt"/>
        <line num="149" count="68" type="cond" truecount="2" falsecount="0"/>
        <line num="150" count="48" type="cond" truecount="1" falsecount="1"/>
        <line num="151" count="48" type="stmt"/>
        <line num="152" count="20" type="cond" truecount="1" falsecount="1"/>
        <line num="153" count="20" type="cond" truecount="1" falsecount="1"/>
        <line num="154" count="20" type="stmt"/>
        <line num="156" count="5" type="cond" truecount="4" falsecount="0"/>
        <line num="157" count="1" type="stmt"/>
        <line num="158" count="1" type="stmt"/>
        <line num="160" count="1" type="cond" truecount="3" falsecount="1"/>
        <line num="161" count="1" type="stmt"/>
        <line num="166" count="296" type="stmt"/>
        <line num="167" count="55" type="stmt"/>
        <line num="169" count="296" type="stmt"/>
        <line num="170" count="18" type="stmt"/>
        <line num="172" count="296" type="stmt"/>
        <line num="173" count="8" type="stmt"/>
        <line num="175" count="296" type="stmt"/>
        <line num="176" count="6" type="stmt"/>
        <line num="178" count="296" type="stmt"/>
        <line num="179" count="88" type="cond" truecount="2" falsecount="0"/>
        <line num="181" count="296" type="stmt"/>
        <line num="182" count="10" type="stmt"/>
        <line num="184" count="296" type="cond" truecount="1" falsecount="1"/>
        <line num="185" count="88" type="stmt"/>
        <line num="187" count="296" type="stmt"/>
        <line num="204" count="4" type="stmt"/>
      </file>
      <file name="createMemoryHistory.ts" path="D:\Projects\history\src\createMemoryHistory.ts">
        <metrics statements="66" coveredstatements="19" conditionals="28" coveredconditionals="4" methods="12" coveredmethods="1"/>
        <line num="8" count="1" type="stmt"/>
        <line num="9" count="1" type="stmt"/>
        <line num="10" count="1" type="stmt"/>
        <line num="11" count="1" type="stmt"/>
        <line num="12" count="1" type="stmt"/>
        <line num="13" count="1" type="stmt"/>
        <line num="19" count="1" type="stmt"/>
        <line num="20" count="0" type="stmt"/>
        <line num="21" count="0" type="stmt"/>
        <line num="23" count="0" type="stmt"/>
        <line num="24" count="0" type="stmt"/>
        <line num="28" count="153" type="cond" truecount="2" falsecount="0"/>
        <line num="33" count="91" type="cond" truecount="1" falsecount="1"/>
        <line num="34" count="0" type="stmt"/>
        <line num="35" count="91" type="cond" truecount="1" falsecount="1"/>
        <line num="36" count="0" type="stmt"/>
        <line num="39" count="91" type="stmt"/>
        <line num="40" count="0" type="stmt"/>
        <line num="41" count="0" type="stmt"/>
        <line num="44" count="0" type="cond" truecount="0" falsecount="2"/>
        <line num="45" count="0" type="stmt"/>
        <line num="46" count="0" type="stmt"/>
        <line num="49" count="0" type="stmt"/>
        <line num="51" count="0" type="stmt"/>
        <line num="55" count="91" type="stmt"/>
        <line num="56" count="0" type="stmt"/>
        <line num="57" count="0" type="cond" truecount="0" falsecount="2"/>
        <line num="61" count="91" type="stmt"/>
        <line num="62" count="0" type="cond" truecount="0" falsecount="2"/>
        <line num="63" count="0" type="stmt"/>
        <line num="65" count="0" type="cond" truecount="0" falsecount="2"/>
        <line num="66" count="0" type="stmt"/>
        <line num="72" count="0" type="stmt"/>
        <line num="75" count="0" type="stmt"/>
        <line num="76" count="0" type="stmt"/>
        <line num="79" count="0" type="stmt"/>
        <line num="83" count="91" type="stmt"/>
        <line num="84" count="0" type="stmt"/>
        <line num="86" count="0" type="cond" truecount="0" falsecount="2"/>
        <line num="87" count="0" type="stmt"/>
        <line num="89" count="0" type="stmt"/>
        <line num="91" count="0" type="stmt"/>
        <line num="95" count="91" type="stmt"/>
        <line num="96" count="0" type="stmt"/>
        <line num="97" count="0" type="stmt"/>
        <line num="100" count="91" type="stmt"/>
        <line num="108" count="91" type="stmt"/>
        <line num="110" count="91" type="cond" truecount="0" falsecount="2"/>
        <line num="111" count="0" type="stmt"/>
        <line num="113" count="0" type="cond" truecount="0" falsecount="2"/>
        <line num="114" count="0" type="stmt"/>
        <line num="117" count="0" type="cond" truecount="0" falsecount="2"/>
        <line num="118" count="0" type="stmt"/>
        <line num="119" count="0" type="cond" truecount="0" falsecount="2"/>
        <line num="120" count="0" type="stmt"/>
        <line num="123" count="0" type="stmt"/>
        <line num="125" count="0" type="cond" truecount="0" falsecount="2"/>
        <line num="126" count="0" type="stmt"/>
        <line num="128" count="0" type="stmt"/>
        <line num="135" count="0" type="stmt"/>
        <line num="137" count="0" type="stmt"/>
        <line num="138" count="0" type="stmt"/>
        <line num="140" count="0" type="stmt"/>
        <line num="141" count="0" type="stmt"/>
        <line num="143" count="0" type="stmt"/>
        <line num="146" count="1" type="stmt"/>
      </file>
      <file name="index.ts" path="D:\Projects\history\src\index.ts">
        <metrics statements="9" coveredstatements="0" conditionals="0" coveredconditionals="0" methods="0" coveredmethods="0"/>
        <line num="8" count="0" type="stmt"/>
        <line num="10" count="0" type="stmt"/>
        <line num="11" count="0" type="stmt"/>
        <line num="12" count="0" type="stmt"/>
        <line num="13" count="0" type="stmt"/>
        <line num="15" count="0" type="stmt"/>
        <line num="16" count="0" type="stmt"/>
        <line num="17" count="0" type="stmt"/>
        <line num="19" count="0" type="stmt"/>
      </file>
      <file name="runTransitionHook.ts" path="D:\Projects\history\src\runTransitionHook.ts">
        <metrics statements="7" coveredstatements="7" conditionals="2" coveredconditionals="2" methods="1" coveredmethods="1"/>
        <line num="1" count="4" type="stmt"/>
        <line num="5" count="4" type="stmt"/>
        <line num="6" count="14" type="stmt"/>
        <line num="8" count="14" type="cond" truecount="2" falsecount="0"/>
        <line num="11" count="11" type="stmt"/>
        <line num="13" count="3" type="stmt"/>
        <line num="21" count="4" type="stmt"/>
      </file>
      <file name="useBasename.ts" path="D:\Projects\history\src\useBasename.ts">
        <metrics statements="44" coveredstatements="39" conditionals="20" coveredconditionals="13" methods="14" coveredmethods="12"/>
        <line num="1" count="3" type="stmt"/>
        <line num="2" count="3" type="stmt"/>
        <line num="7" count="27" type="cond" truecount="1" falsecount="1"/>
        <line num="8" count="27" type="stmt"/>
        <line num="9" count="18" type="stmt"/>
        <line num="12" count="18" type="stmt"/>
        <line num="13" count="26" type="cond" truecount="1" falsecount="1"/>
        <line num="14" count="0" type="stmt"/>
        <line num="16" count="26" type="cond" truecount="3" falsecount="1"/>
        <line num="17" count="26" type="cond" truecount="2" falsecount="0"/>
        <line num="18" count="18" type="stmt"/>
        <line num="19" count="18" type="stmt"/>
        <line num="21" count="18" type="cond" truecount="1" falsecount="1"/>
        <line num="22" count="0" type="stmt"/>
        <line num="24" count="8" type="stmt"/>
        <line num="28" count="26" type="stmt"/>
        <line num="32" count="18" type="stmt"/>
        <line num="33" count="22" type="cond" truecount="1" falsecount="1"/>
        <line num="34" count="0" type="stmt"/>
        <line num="36" count="22" type="cond" truecount="2" falsecount="0"/>
        <line num="37" count="22" type="stmt"/>
        <line num="38" count="22" type="cond" truecount="1" falsecount="1"/>
        <line num="39" count="22" type="cond" truecount="1" falsecount="1"/>
        <line num="40" count="22" type="stmt"/>
        <line num="42" count="22" type="stmt"/>
        <line num="49" count="18" type="stmt"/>
        <line num="50" count="8" type="stmt"/>
        <line num="52" count="18" type="stmt"/>
        <line num="53" count="0" type="stmt"/>
        <line num="55" count="0" type="stmt"/>
        <line num="58" count="18" type="stmt"/>
        <line num="59" count="12" type="stmt"/>
        <line num="62" count="18" type="stmt"/>
        <line num="63" count="6" type="stmt"/>
        <line num="65" count="18" type="stmt"/>
        <line num="66" count="6" type="stmt"/>
        <line num="68" count="18" type="stmt"/>
        <line num="69" count="2" type="stmt"/>
        <line num="71" count="18" type="stmt"/>
        <line num="72" count="2" type="stmt"/>
        <line num="74" count="18" type="stmt"/>
        <line num="75" count="6" type="stmt"/>
        <line num="77" count="18" type="stmt"/>
        <line num="90" count="3" type="stmt"/>
      </file>
      <file name="useBeforeUnload.ts" path="D:\Projects\history\src\useBeforeUnload.ts">
        <metrics statements="32" coveredstatements="0" conditionals="12" coveredconditionals="0" methods="9" coveredmethods="0"/>
        <line num="8" count="0" type="stmt"/>
        <line num="9" count="0" type="stmt"/>
        <line num="10" count="0" type="stmt"/>
        <line num="14" count="0" type="stmt"/>
        <line num="15" count="0" type="stmt"/>
        <line num="16" count="0" type="stmt"/>
        <line num="18" count="0" type="cond" truecount="0" falsecount="2"/>
        <line num="19" count="0" type="cond" truecount="0" falsecount="2"/>
        <line num="20" count="0" type="stmt"/>
        <line num="23" count="0" type="stmt"/>
        <line num="26" count="0" type="stmt"/>
        <line num="28" count="0" type="stmt"/>
        <line num="29" count="0" type="stmt"/>
        <line num="37" count="0" type="stmt"/>
        <line num="38" count="0" type="stmt"/>
        <line num="43" count="0" type="stmt"/>
        <line num="44" count="0" type="stmt"/>
        <line num="46" count="0" type="stmt"/>
        <line num="49" count="0" type="stmt"/>
        <line num="51" count="0" type="cond" truecount="0" falsecount="2"/>
        <line num="52" count="0" type="stmt"/>
        <line num="54" count="0" type="stmt"/>
        <line num="57" count="0" type="stmt"/>
        <line num="58" count="0" type="cond" truecount="0" falsecount="2"/>
        <line num="59" count="0" type="stmt"/>
        <line num="61" count="0" type="stmt"/>
        <line num="62" count="0" type="stmt"/>
        <line num="64" count="0" type="cond" truecount="0" falsecount="4"/>
        <line num="65" count="0" type="stmt"/>
        <line num="66" count="0" type="stmt"/>
        <line num="71" count="0" type="stmt"/>
        <line num="78" count="0" type="stmt"/>
      </file>
      <file name="useQueries.ts" path="D:\Projects\history\src\useQueries.ts">
        <metrics statements="50" coveredstatements="47" conditionals="18" coveredconditionals="16" methods="15" coveredmethods="13"/>
        <line num="1" count="3" type="stmt"/>
        <line num="2" count="3" type="stmt"/>
        <line num="3" count="3" type="stmt"/>
        <line num="4" count="3" type="stmt"/>
        <line num="8" count="3" type="stmt"/>
        <line num="9" count="24" type="stmt"/>
        <line num="11" count="3" type="stmt"/>
        <line num="18" count="3" type="stmt"/>
        <line num="19" count="87" type="cond" truecount="2" falsecount="0"/>
        <line num="20" count="54" type="stmt"/>
        <line num="21" count="36" type="stmt"/>
        <line num="23" count="36" type="cond" truecount="2" falsecount="0"/>
        <line num="24" count="22" type="stmt"/>
        <line num="26" count="36" type="cond" truecount="2" falsecount="0"/>
        <line num="27" count="22" type="stmt"/>
        <line num="30" count="36" type="stmt"/>
        <line num="31" count="30" type="cond" truecount="1" falsecount="1"/>
        <line num="32" count="0" type="stmt"/>
        <line num="34" count="30" type="cond" truecount="2" falsecount="0"/>
        <line num="35" count="26" type="stmt"/>
        <line num="37" count="30" type="stmt"/>
        <line num="41" count="36" type="stmt"/>
        <line num="42" count="42" type="cond" truecount="2" falsecount="0"/>
        <line num="43" count="4" type="stmt"/>
        <line num="45" count="38" type="cond" truecount="1" falsecount="1"/>
        <line num="46" count="38" type="stmt"/>
        <line num="47" count="38" type="cond" truecount="2" falsecount="0"/>
        <line num="49" count="38" type="stmt"/>
        <line num="56" count="36" type="stmt"/>
        <line num="57" count="8" type="stmt"/>
        <line num="59" count="36" type="stmt"/>
        <line num="60" count="0" type="stmt"/>
        <line num="62" count="0" type="stmt"/>
        <line num="65" count="36" type="stmt"/>
        <line num="66" count="14" type="stmt"/>
        <line num="69" count="36" type="stmt"/>
        <line num="70" count="8" type="stmt"/>
        <line num="72" count="36" type="stmt"/>
        <line num="73" count="6" type="stmt"/>
        <line num="75" count="36" type="stmt"/>
        <line num="76" count="16" type="stmt"/>
        <line num="78" count="36" type="stmt"/>
        <line num="79" count="4" type="stmt"/>
        <line num="81" count="36" type="stmt"/>
        <line num="83" count="8" type="stmt"/>
        <line num="85" count="8" type="cond" truecount="2" falsecount="0"/>
        <line num="86" count="4" type="stmt"/>
        <line num="88" count="8" type="stmt"/>
        <line num="91" count="36" type="stmt"/>
        <line num="104" count="3" type="stmt"/>
      </file>
    </metrics>
  </project>
</coverage>
