{"D:\\Projects\\history\\src\\Actions.ts": {"path":"D:\\Projects\\history\\src\\Actions.ts","statementMap":{"0":{"start":{"line":8,"column":0},"end":{"line":26,"column":1}},"1":{"start":{"line":12,"column":2},"end":{"line":12,"column":6}},"2":{"start":{"line":16,"column":2},"end":{"line":16,"column":9}},"3":{"start":{"line":25,"column":2},"end":{"line":25,"column":5}},"4":{"start":{"line":27,"column":13},"end":{"line":27,"column":41}},"5":{"start":{"line":29,"column":13},"end":{"line":29,"column":47}},"6":{"start":{"line":31,"column":13},"end":{"line":31,"column":39}},"7":{"start":{"line":33,"column":0},"end":{"line":33,"column":22}}},"fnMap":{"0":{"name":"(anonymous_0)","decl":{"start":{"line":8,"column":0},"end":{"line":8,"column":5}},"loc":{"start":{"line":8,"column":13},"end":{"line":26,"column":1}}}},"branchMap":{"0":{"loc":{"start":{"line":8,"column":6},"end":{"line":8,"column":13}},"type":"binary-expr","locations":[{"start":{"line":8,"column":6},"end":{"line":8,"column":13}},{"start":{"line":8,"column":6},"end":{"line":8,"column":13}}]}},"s":{"0":4,"1":4,"2":4,"3":4,"4":4,"5":4,"6":4,"7":4},"f":{"0":4},"b":{"0":[4,4]}}
,"D:\\Projects\\history\\src\\AsyncUtils.ts": {"path":"D:\\Projects\\history\\src\\AsyncUtils.ts","statementMap":{"0":{"start":{"line":15,"column":13},"end":{"line":66,"column":1}},"1":{"start":{"line":17,"column":28},"end":{"line":17,"column":29}},"2":{"start":{"line":18,"column":24},"end":{"line":18,"column":29}},"3":{"start":{"line":19,"column":24},"end":{"line":19,"column":29}},"4":{"start":{"line":20,"column":25},"end":{"line":20,"column":30}},"5":{"start":{"line":23,"column":15},"end":{"line":33,"column":3}},"6":{"start":{"line":23,"column":16},"end":{"line":23,"column":22}},"7":{"start":{"line":23,"column":16},"end":{"line":23,"column":23}},"8":{"start":{"line":24,"column":4},"end":{"line":24,"column":17}},"9":{"start":{"line":26,"column":4},"end":{"line":30,"column":5}},"10":{"start":{"line":28,"column":6},"end":{"line":28,"column":21}},"11":{"start":{"line":29,"column":6},"end":{"line":29,"column":12}},"12":{"start":{"line":32,"column":4},"end":{"line":32,"column":21}},"13":{"start":{"line":35,"column":27},"end":{"line":63,"column":3}},"14":{"start":{"line":36,"column":4},"end":{"line":37,"column":12}},"15":{"start":{"line":37,"column":6},"end":{"line":37,"column":12}},"16":{"start":{"line":39,"column":4},"end":{"line":39,"column":18}},"17":{"start":{"line":41,"column":4},"end":{"line":42,"column":12}},"18":{"start":{"line":42,"column":6},"end":{"line":42,"column":12}},"19":{"start":{"line":44,"column":4},"end":{"line":44,"column":17}},"20":{"start":{"line":46,"column":4},"end":{"line":49,"column":5}},"21":{"start":{"line":47,"column":6},"end":{"line":47,"column":21}},"22":{"start":{"line":48,"column":6},"end":{"line":48,"column":37}},"23":{"start":{"line":51,"column":4},"end":{"line":51,"column":18}},"24":{"start":{"line":53,"column":4},"end":{"line":57,"column":5}},"25":{"start":{"line":55,"column":6},"end":{"line":55,"column":27}},"26":{"start":{"line":56,"column":6},"end":{"line":56,"column":12}},"27":{"start":{"line":59,"column":4},"end":{"line":62,"column":5}},"28":{"start":{"line":60,"column":6},"end":{"line":60,"column":19}},"29":{"start":{"line":61,"column":6},"end":{"line":61,"column":16}},"30":{"start":{"line":65,"column":2},"end":{"line":65,"column":8}}},"fnMap":{"0":{"name":"(anonymous_2)","decl":{"start":{"line":16,"column":2},"end":{"line":16,"column":2}},"loc":{"start":{"line":16,"column":24},"end":{"line":66,"column":1}}},"1":{"name":"(anonymous_3)","decl":{"start":{"line":23,"column":15},"end":{"line":null,"column":-1}},"loc":{"start":{"line":23,"column":15},"end":{"line":33,"column":3}}},"2":{"name":"(anonymous_4)","decl":{"start":{"line":35,"column":27},"end":{"line":null,"column":-1}},"loc":{"start":{"line":35,"column":27},"end":{"line":63,"column":3}}}},"branchMap":{"0":{"loc":{"start":{"line":26,"column":4},"end":{"line":30,"column":5}},"type":"if","locations":[{"start":{"line":26,"column":4},"end":{"line":30,"column":5}},{"start":{"line":26,"column":4},"end":{"line":30,"column":5}}]},"1":{"loc":{"start":{"line":36,"column":4},"end":{"line":37,"column":12}},"type":"if","locations":[{"start":{"line":36,"column":4},"end":{"line":37,"column":12}},{"start":{"line":36,"column":4},"end":{"line":37,"column":12}}]},"2":{"loc":{"start":{"line":41,"column":4},"end":{"line":42,"column":12}},"type":"if","locations":[{"start":{"line":41,"column":4},"end":{"line":42,"column":12}},{"start":{"line":41,"column":4},"end":{"line":42,"column":12}}]},"3":{"loc":{"start":{"line":46,"column":11},"end":{"line":46,"column":18}},"type":"binary-expr","locations":[{"start":{"line":46,"column":11},"end":{"line":46,"column":18}},{"start":{"line":46,"column":22},"end":{"line":46,"column":41}},{"start":{"line":46,"column":45},"end":{"line":46,"column":52}}]},"4":{"loc":{"start":{"line":53,"column":4},"end":{"line":57,"column":5}},"type":"if","locations":[{"start":{"line":53,"column":4},"end":{"line":57,"column":5}},{"start":{"line":53,"column":4},"end":{"line":57,"column":5}}]},"5":{"loc":{"start":{"line":59,"column":4},"end":{"line":62,"column":5}},"type":"if","locations":[{"start":{"line":59,"column":4},"end":{"line":62,"column":5}},{"start":{"line":59,"column":4},"end":{"line":62,"column":5}}]},"6":{"loc":{"start":{"line":59,"column":8},"end":{"line":59,"column":28}},"type":"binary-expr","locations":[{"start":{"line":59,"column":8},"end":{"line":59,"column":28}},{"start":{"line":59,"column":32},"end":{"line":59,"column":39}}]}},"s":{"0":4,"1":141,"2":141,"3":141,"4":141,"5":141,"6":10,"7":10,"8":10,"9":10,"10":10,"11":10,"12":0,"13":141,"14":150,"15":0,"16":150,"17":150,"18":5,"19":145,"20":145,"21":19,"22":19,"23":145,"24":145,"25":10,"26":10,"27":135,"28":131,"29":131,"30":141},"f":{"0":141,"1":10,"2":150},"b":{"0":[10,0],"1":[0,150],"2":[5,145],"3":[164,154,19],"4":[10,135],"5":[131,4],"6":[135,135]}}
,"D:\\Projects\\history\\src\\BrowserProtocol.ts": {"path":"D:\\Projects\\history\\src\\BrowserProtocol.ts","statementMap":{"0":{"start":{"line":8,"column":0},"end":{"line":8,"column":57}},"1":{"start":{"line":9,"column":0},"end":{"line":9,"column":65}},"2":{"start":{"line":10,"column":0},"end":{"line":10,"column":55}},"3":{"start":{"line":11,"column":0},"end":{"line":11,"column":39}},"4":{"start":{"line":13,"column":22},"end":{"line":13,"column":32}},"5":{"start":{"line":16,"column":2},"end":{"line":25,"column":1}},"6":{"start":{"line":17,"column":14},"end":{"line":17,"column":46}},"7":{"start":{"line":19,"column":2},"end":{"line":24,"column":20}},"8":{"start":{"line":27,"column":13},"end":{"line":39,"column":1}},"9":{"start":{"line":30,"column":2},"end":{"line":36,"column":3}},"10":{"start":{"line":31,"column":4},"end":{"line":31,"column":45}},"11":{"start":{"line":35,"column":4},"end":{"line":35,"column":21}},"12":{"start":{"line":38,"column":2},"end":{"line":38,"column":38}},"13":{"start":{"line":41,"column":13},"end":{"line":42,"column":58}},"14":{"start":{"line":42,"column":25},"end":{"line":42,"column":58}},"15":{"start":{"line":45,"column":2},"end":{"line":45,"column":83}},"16":{"start":{"line":45,"column":11},"end":{"line":45,"column":83}},"17":{"start":{"line":47,"column":13},"end":{"line":58,"column":1}},"18":{"start":{"line":49,"column":25},"end":{"line":52,"column":3}},"19":{"start":{"line":50,"column":4},"end":{"line":50,"column":48}},"20":{"start":{"line":50,"column":42},"end":{"line":50,"column":48}},"21":{"start":{"line":51,"column":4},"end":{"line":51,"column":42}},"22":{"start":{"line":54,"column":2},"end":{"line":54,"column":57}},"23":{"start":{"line":56,"column":2},"end":{"line":57,"column":62}},"24":{"start":{"line":57,"column":4},"end":{"line":57,"column":62}},"25":{"start":{"line":61,"column":2},"end":{"line":68,"column":1}},"26":{"start":{"line":62,"column":10},"end":{"line":62,"column":15}},"27":{"start":{"line":62,"column":17},"end":{"line":62,"column":20}},"28":{"start":{"line":64,"column":2},"end":{"line":65,"column":25}},"29":{"start":{"line":65,"column":4},"end":{"line":65,"column":25}},"30":{"start":{"line":67,"column":2},"end":{"line":67,"column":44}},"31":{"start":{"line":70,"column":13},"end":{"line":74,"column":3}},"32":{"start":{"line":72,"column":2},"end":{"line":74,"column":3}},"33":{"start":{"line":73,"column":4},"end":{"line":73,"column":47}},"34":{"start":{"line":76,"column":13},"end":{"line":80,"column":3}},"35":{"start":{"line":78,"column":2},"end":{"line":80,"column":3}},"36":{"start":{"line":79,"column":4},"end":{"line":79,"column":50}},"37":{"start":{"line":82,"column":13},"end":{"line":86,"column":1}},"38":{"start":{"line":84,"column":2},"end":{"line":85,"column":24}},"39":{"start":{"line":85,"column":4},"end":{"line":85,"column":24}}},"fnMap":{"0":{"name":"(anonymous_0)","decl":{"start":{"line":16,"column":2},"end":{"line":16,"column":2}},"loc":{"start":{"line":16,"column":15},"end":{"line":25,"column":1}}},"1":{"name":"(anonymous_1)","decl":{"start":{"line":28,"column":2},"end":{"line":null,"column":-1}},"loc":{"start":{"line":28,"column":2},"end":{"line":39,"column":1}}},"2":{"name":"(anonymous_2)","decl":{"start":{"line":42,"column":2},"end":{"line":42,"column":2}},"loc":{"start":{"line":42,"column":20},"end":{"line":42,"column":58}}},"3":{"name":"(anonymous_3)","decl":{"start":{"line":45,"column":2},"end":{"line":45,"column":1}},"loc":{"start":{"line":45,"column":7},"end":{"line":45,"column":83}}},"4":{"name":"(anonymous_4)","decl":{"start":{"line":48,"column":2},"end":{"line":48,"column":2}},"loc":{"start":{"line":48,"column":11},"end":{"line":58,"column":1}}},"5":{"name":"(anonymous_5)","decl":{"start":{"line":49,"column":25},"end":{"line":49,"column":25}},"loc":{"start":{"line":49,"column":31},"end":{"line":52,"column":3}}},"6":{"name":"(anonymous_6)","decl":{"start":{"line":56,"column":9},"end":{"line":null,"column":-1}},"loc":{"start":{"line":56,"column":9},"end":{"line":57,"column":62}}},"7":{"name":"(anonymous_7)","decl":{"start":{"line":61,"column":2},"end":{"line":61,"column":2}},"loc":{"start":{"line":61,"column":24},"end":{"line":68,"column":1}}},"8":{"name":"(anonymous_8)","decl":{"start":{"line":71,"column":2},"end":{"line":71,"column":2}},"loc":{"start":{"line":71,"column":11},"end":{"line":74,"column":3}}},"9":{"name":"(anonymous_9)","decl":{"start":{"line":72,"column":27},"end":{"line":72,"column":27}},"loc":{"start":{"line":72,"column":55},"end":{"line":73,"column":47}}},"10":{"name":"(anonymous_10)","decl":{"start":{"line":77,"column":2},"end":{"line":77,"column":2}},"loc":{"start":{"line":77,"column":11},"end":{"line":80,"column":3}}},"11":{"name":"(anonymous_11)","decl":{"start":{"line":78,"column":27},"end":{"line":78,"column":27}},"loc":{"start":{"line":78,"column":55},"end":{"line":79,"column":50}}},"12":{"name":"(anonymous_12)","decl":{"start":{"line":83,"column":2},"end":{"line":83,"column":2}},"loc":{"start":{"line":83,"column":4},"end":{"line":86,"column":1}}}},"branchMap":{"0":{"loc":{"start":{"line":17,"column":14},"end":{"line":17,"column":26}},"type":"binary-expr","locations":[{"start":{"line":17,"column":14},"end":{"line":17,"column":26}},{"start":{"line":17,"column":30},"end":{"line":17,"column":46}}]},"1":{"loc":{"start":{"line":23,"column":18},"end":{"line":23,"column":32}},"type":"cond-expr","locations":[{"start":{"line":23,"column":18},"end":{"line":23,"column":32}},{"start":{"line":23,"column":35},"end":{"line":23,"column":44}}]},"2":{"loc":{"start":{"line":31,"column":19},"end":{"line":31,"column":39}},"type":"binary-expr","locations":[{"start":{"line":31,"column":19},"end":{"line":31,"column":39}},{"start":{"line":31,"column":43},"end":{"line":31,"column":45}}]},"3":{"loc":{"start":{"line":45,"column":11},"end":{"line":45,"column":36}},"type":"binary-expr","locations":[{"start":{"line":45,"column":11},"end":{"line":45,"column":36}},{"start":{"line":45,"column":40},"end":{"line":45,"column":83}}]},"4":{"loc":{"start":{"line":50,"column":4},"end":{"line":50,"column":48}},"type":"if","locations":[{"start":{"line":50,"column":4},"end":{"line":50,"column":48}},{"start":{"line":50,"column":4},"end":{"line":50,"column":48}}]},"5":{"loc":{"start":{"line":64,"column":2},"end":{"line":65,"column":25}},"type":"if","locations":[{"start":{"line":64,"column":2},"end":{"line":65,"column":25}},{"start":{"line":64,"column":2},"end":{"line":65,"column":25}}]},"6":{"loc":{"start":{"line":84,"column":2},"end":{"line":85,"column":24}},"type":"if","locations":[{"start":{"line":84,"column":2},"end":{"line":85,"column":24}},{"start":{"line":84,"column":2},"end":{"line":85,"column":24}}]}},"s":{"0":2,"1":2,"2":2,"3":2,"4":2,"5":2,"6":31,"7":31,"8":2,"9":24,"10":24,"11":0,"12":24,"13":2,"14":0,"15":2,"16":7,"17":2,"18":30,"19":7,"20":0,"21":7,"22":30,"23":30,"24":30,"25":2,"26":36,"27":36,"28":36,"29":26,"30":36,"31":2,"32":26,"33":26,"34":2,"35":10,"36":10,"37":2,"38":17,"39":17},"f":{"0":31,"1":24,"2":0,"3":7,"4":30,"5":7,"6":30,"7":36,"8":26,"9":26,"10":10,"11":10,"12":17},"b":{"0":[31,28],"1":[5,26],"2":[24,23],"3":[7,0],"4":[0,7],"5":[26,10],"6":[17,0]}}
,"D:\\Projects\\history\\src\\DOMStateStorage.ts": {"path":"D:\\Projects\\history\\src\\DOMStateStorage.ts","statementMap":{"0":{"start":{"line":7,"column":0},"end":{"line":7,"column":28}},"1":{"start":{"line":9,"column":28},"end":{"line":12,"column":1}},"2":{"start":{"line":14,"column":23},"end":{"line":16,"column":1}},"3":{"start":{"line":18,"column":26},"end":{"line":18,"column":38}},"4":{"start":{"line":20,"column":13},"end":{"line":21,"column":17}},"5":{"start":{"line":21,"column":2},"end":{"line":21,"column":17}},"6":{"start":{"line":23,"column":13},"end":{"line":66,"column":1}},"7":{"start":{"line":25,"column":2},"end":{"line":34,"column":3}},"8":{"start":{"line":28,"column":4},"end":{"line":31,"column":5}},"9":{"start":{"line":33,"column":4},"end":{"line":33,"column":10}},"10":{"start":{"line":36,"column":2},"end":{"line":65,"column":3}},"11":{"start":{"line":37,"column":4},"end":{"line":41,"column":5}},"12":{"start":{"line":38,"column":6},"end":{"line":38,"column":54}},"13":{"start":{"line":40,"column":6},"end":{"line":40,"column":74}},"14":{"start":{"line":43,"column":4},"end":{"line":52,"column":5}},"15":{"start":{"line":46,"column":6},"end":{"line":49,"column":7}},"16":{"start":{"line":51,"column":6},"end":{"line":51,"column":12}},"17":{"start":{"line":54,"column":4},"end":{"line":62,"column":5}},"18":{"start":{"line":56,"column":6},"end":{"line":59,"column":7}},"19":{"start":{"line":61,"column":6},"end":{"line":61,"column":12}},"20":{"start":{"line":64,"column":4},"end":{"line":64,"column":15}},"21":{"start":{"line":68,"column":13},"end":{"line":95,"column":1}},"22":{"start":{"line":71,"column":2},"end":{"line":84,"column":3}},"23":{"start":{"line":72,"column":4},"end":{"line":72,"column":56}},"24":{"start":{"line":74,"column":4},"end":{"line":83,"column":5}},"25":{"start":{"line":77,"column":6},"end":{"line":80,"column":7}},"26":{"start":{"line":82,"column":6},"end":{"line":82,"column":22}},"27":{"start":{"line":86,"column":2},"end":{"line":92,"column":3}},"28":{"start":{"line":87,"column":4},"end":{"line":91,"column":5}},"29":{"start":{"line":88,"column":6},"end":{"line":88,"column":29}},"30":{"start":{"line":94,"column":2},"end":{"line":94,"column":18}}},"fnMap":{"0":{"name":"(anonymous_1)","decl":{"start":{"line":20,"column":50},"end":{"line":20,"column":50}},"loc":{"start":{"line":20,"column":54},"end":{"line":21,"column":17}}},"1":{"name":"(anonymous_2)","decl":{"start":{"line":24,"column":2},"end":{"line":24,"column":2}},"loc":{"start":{"line":24,"column":13},"end":{"line":66,"column":1}}},"2":{"name":"(anonymous_3)","decl":{"start":{"line":69,"column":2},"end":{"line":69,"column":2}},"loc":{"start":{"line":69,"column":6},"end":{"line":95,"column":1}}}},"branchMap":{"0":{"loc":{"start":{"line":25,"column":2},"end":{"line":34,"column":3}},"type":"if","locations":[{"start":{"line":25,"column":2},"end":{"line":34,"column":3}},{"start":{"line":25,"column":2},"end":{"line":34,"column":3}}]},"1":{"loc":{"start":{"line":37,"column":4},"end":{"line":41,"column":5}},"type":"if","locations":[{"start":{"line":37,"column":4},"end":{"line":41,"column":5}},{"start":{"line":37,"column":4},"end":{"line":41,"column":5}}]},"2":{"loc":{"start":{"line":43,"column":4},"end":{"line":52,"column":5}},"type":"if","locations":[{"start":{"line":43,"column":4},"end":{"line":52,"column":5}},{"start":{"line":43,"column":4},"end":{"line":52,"column":5}}]},"3":{"loc":{"start":{"line":54,"column":4},"end":{"line":62,"column":5}},"type":"if","locations":[{"start":{"line":54,"column":4},"end":{"line":62,"column":5}},{"start":{"line":54,"column":4},"end":{"line":62,"column":5}}]},"4":{"loc":{"start":{"line":54,"column":8},"end":{"line":54,"column":39}},"type":"binary-expr","locations":[{"start":{"line":54,"column":8},"end":{"line":54,"column":39}},{"start":{"line":54,"column":43},"end":{"line":54,"column":77}}]},"5":{"loc":{"start":{"line":74,"column":4},"end":{"line":83,"column":5}},"type":"if","locations":[{"start":{"line":74,"column":4},"end":{"line":83,"column":5}},{"start":{"line":74,"column":4},"end":{"line":83,"column":5}}]},"6":{"loc":{"start":{"line":86,"column":2},"end":{"line":92,"column":3}},"type":"if","locations":[{"start":{"line":86,"column":2},"end":{"line":92,"column":3}},{"start":{"line":86,"column":2},"end":{"line":92,"column":3}}]}},"s":{"0":3,"1":3,"2":3,"3":3,"4":3,"5":87,"6":3,"7":57,"8":0,"9":0,"10":57,"11":57,"12":3,"13":54,"14":0,"15":0,"16":0,"17":0,"18":0,"19":0,"20":0,"21":3,"22":30,"23":30,"24":0,"25":0,"26":0,"27":30,"28":25,"29":25,"30":5},"f":{"0":87,"1":57,"2":30},"b":{"0":[0,57],"1":[3,54],"2":[0,0],"3":[0,0],"4":[0,0],"5":[0,0],"6":[25,5]}}
,"D:\\Projects\\history\\src\\DOMUtils.ts": {"path":"D:\\Projects\\history\\src\\DOMUtils.ts","statementMap":{"0":{"start":{"line":1,"column":13},"end":{"line":6,"column":46}},"1":{"start":{"line":3,"column":2},"end":{"line":6,"column":46}},"2":{"start":{"line":8,"column":13},"end":{"line":13,"column":46}},"3":{"start":{"line":10,"column":2},"end":{"line":13,"column":46}},"4":{"start":{"line":22,"column":13},"end":{"line":33,"column":1}},"5":{"start":{"line":23,"column":21},"end":{"line":23,"column":47}},"6":{"start":{"line":25,"column":2},"end":{"line":30,"column":16}},"7":{"start":{"line":30,"column":4},"end":{"line":30,"column":16}},"8":{"start":{"line":32,"column":2},"end":{"line":32,"column":56}},"9":{"start":{"line":38,"column":13},"end":{"line":39,"column":54}},"10":{"start":{"line":39,"column":2},"end":{"line":39,"column":54}}},"fnMap":{"0":{"name":"(anonymous_0)","decl":{"start":{"line":2,"column":0},"end":{"line":2,"column":0}},"loc":{"start":{"line":2,"column":22},"end":{"line":6,"column":46}}},"1":{"name":"(anonymous_1)","decl":{"start":{"line":9,"column":2},"end":{"line":9,"column":2}},"loc":{"start":{"line":9,"column":24},"end":{"line":13,"column":46}}},"2":{"name":"(anonymous_2)","decl":{"start":{"line":22,"column":46},"end":{"line":null,"column":-1}},"loc":{"start":{"line":22,"column":46},"end":{"line":33,"column":1}}},"3":{"name":"(anonymous_3)","decl":{"start":{"line":38,"column":63},"end":{"line":null,"column":-1}},"loc":{"start":{"line":38,"column":63},"end":{"line":39,"column":54}}}},"branchMap":{"0":{"loc":{"start":{"line":4,"column":6},"end":{"line":4,"column":51}},"type":"cond-expr","locations":[{"start":{"line":4,"column":6},"end":{"line":4,"column":51}},{"start":{"line":6,"column":6},"end":{"line":6,"column":46}}]},"1":{"loc":{"start":{"line":11,"column":6},"end":{"line":11,"column":54}},"type":"cond-expr","locations":[{"start":{"line":11,"column":6},"end":{"line":11,"column":54}},{"start":{"line":13,"column":6},"end":{"line":13,"column":46}}]},"2":{"loc":{"start":{"line":25,"column":2},"end":{"line":30,"column":16}},"type":"if","locations":[{"start":{"line":25,"column":2},"end":{"line":30,"column":16}},{"start":{"line":25,"column":2},"end":{"line":30,"column":16}}]},"3":{"loc":{"start":{"line":25,"column":7},"end":{"line":25,"column":38}},"type":"binary-expr","locations":[{"start":{"line":25,"column":7},"end":{"line":25,"column":38}},{"start":{"line":25,"column":42},"end":{"line":25,"column":74}},{"start":{"line":26,"column":4},"end":{"line":26,"column":38}},{"start":{"line":27,"column":4},"end":{"line":27,"column":31}},{"start":{"line":28,"column":4},"end":{"line":28,"column":38}}]},"4":{"loc":{"start":{"line":32,"column":9},"end":{"line":32,"column":23}},"type":"binary-expr","locations":[{"start":{"line":32,"column":9},"end":{"line":32,"column":23}},{"start":{"line":32,"column":27},"end":{"line":32,"column":56}}]}},"s":{"0":2,"1":61,"2":2,"3":61,"4":2,"5":100,"6":100,"7":0,"8":100,"9":2,"10":108},"f":{"0":61,"1":61,"2":100,"3":108},"b":{"0":[61,0],"1":[61,0],"2":[0,100],"3":[100,100,0,0,0],"4":[100,100]}}
,"D:\\Projects\\history\\src\\ExecutionEnvironment.ts": {"path":"D:\\Projects\\history\\src\\ExecutionEnvironment.ts","statementMap":{"0":{"start":{"line":1,"column":13},"end":{"line":3,"column":1}}},"fnMap":{},"branchMap":{"0":{"loc":{"start":{"line":2,"column":2},"end":{"line":2,"column":31}},"type":"binary-expr","locations":[{"start":{"line":2,"column":2},"end":{"line":2,"column":31}},{"start":{"line":2,"column":35},"end":{"line":2,"column":50}},{"start":{"line":2,"column":54},"end":{"line":2,"column":83}}]}},"s":{"0":2},"f":{},"b":{"0":[2,2,2]}}
,"D:\\Projects\\history\\src\\HashProtocol.ts": {"path":"D:\\Projects\\history\\src\\HashProtocol.ts","statementMap":{"0":{"start":{"line":8,"column":0},"end":{"line":8,"column":28}},"1":{"start":{"line":9,"column":0},"end":{"line":9,"column":57}},"2":{"start":{"line":10,"column":0},"end":{"line":10,"column":65}},"3":{"start":{"line":11,"column":0},"end":{"line":11,"column":55}},"4":{"start":{"line":12,"column":0},"end":{"line":18,"column":19}},"5":{"start":{"line":20,"column":0},"end":{"line":23,"column":25}},"6":{"start":{"line":26,"column":11},"end":{"line":26,"column":53}},"7":{"start":{"line":27,"column":11},"end":{"line":27,"column":19}},"8":{"start":{"line":29,"column":32},"end":{"line":29,"column":44}},"9":{"start":{"line":32,"column":2},"end":{"line":38,"column":1}},"10":{"start":{"line":35,"column":23},"end":{"line":35,"column":43}},"11":{"start":{"line":36,"column":28},"end":{"line":36,"column":45}},"12":{"start":{"line":37,"column":2},"end":{"line":37,"column":62}},"13":{"start":{"line":40,"column":47},"end":{"line":41,"column":29}},"14":{"start":{"line":41,"column":2},"end":{"line":41,"column":29}},"15":{"start":{"line":43,"column":48},"end":{"line":49,"column":1}},"16":{"start":{"line":44,"column":28},"end":{"line":44,"column":61}},"17":{"start":{"line":46,"column":2},"end":{"line":48,"column":3}},"18":{"start":{"line":51,"column":13},"end":{"line":66,"column":1}},"19":{"start":{"line":53,"column":21},"end":{"line":53,"column":56}},"20":{"start":{"line":54,"column":22},"end":{"line":54,"column":65}},"21":{"start":{"line":57,"column":2},"end":{"line":60,"column":3}},"22":{"start":{"line":58,"column":4},"end":{"line":58,"column":56}},"23":{"start":{"line":59,"column":4},"end":{"line":59,"column":26}},"24":{"start":{"line":62,"column":25},"end":{"line":62,"column":40}},"25":{"start":{"line":63,"column":2},"end":{"line":63,"column":20}},"26":{"start":{"line":65,"column":2},"end":{"line":65,"column":45}},"27":{"start":{"line":70,"column":13},"end":{"line":119,"column":1}},"28":{"start":{"line":73,"column":4},"end":{"line":106,"column":3}},"29":{"start":{"line":74,"column":17},"end":{"line":74,"column":30}},"30":{"start":{"line":75,"column":24},"end":{"line":75,"column":50}},"31":{"start":{"line":77,"column":4},"end":{"line":105,"column":5}},"32":{"start":{"line":79,"column":6},"end":{"line":79,"column":34}},"33":{"start":{"line":81,"column":40},"end":{"line":81,"column":79}},"34":{"start":{"line":84,"column":6},"end":{"line":100,"column":7}},"35":{"start":{"line":85,"column":8},"end":{"line":87,"column":9}},"36":{"start":{"line":86,"column":10},"end":{"line":86,"column":16}},"37":{"start":{"line":89,"column":30},"end":{"line":89,"column":79}},"38":{"start":{"line":90,"column":31},"end":{"line":90,"column":74}},"39":{"start":{"line":93,"column":8},"end":{"line":95,"column":9}},"40":{"start":{"line":94,"column":10},"end":{"line":94,"column":53}},"41":{"start":{"line":97,"column":8},"end":{"line":99,"column":9}},"42":{"start":{"line":98,"column":10},"end":{"line":98,"column":16}},"43":{"start":{"line":102,"column":6},"end":{"line":102,"column":36}},"44":{"start":{"line":104,"column":6},"end":{"line":104,"column":31}},"45":{"start":{"line":109,"column":23},"end":{"line":109,"column":36}},"46":{"start":{"line":110,"column":30},"end":{"line":110,"column":56}},"47":{"start":{"line":112,"column":2},"end":{"line":113,"column":32}},"48":{"start":{"line":113,"column":4},"end":{"line":113,"column":32}},"49":{"start":{"line":115,"column":2},"end":{"line":115,"column":61}},"50":{"start":{"line":117,"column":2},"end":{"line":118,"column":66}},"51":{"start":{"line":118,"column":4},"end":{"line":118,"column":66}},"52":{"start":{"line":122,"column":2},"end":{"line":135,"column":1}},"53":{"start":{"line":123,"column":10},"end":{"line":123,"column":15}},"54":{"start":{"line":123,"column":17},"end":{"line":123,"column":20}},"55":{"start":{"line":125,"column":21},"end":{"line":125,"column":63}},"56":{"start":{"line":127,"column":2},"end":{"line":130,"column":3}},"57":{"start":{"line":128,"column":4},"end":{"line":128,"column":57}},"58":{"start":{"line":129,"column":4},"end":{"line":129,"column":25}},"59":{"start":{"line":132,"column":2},"end":{"line":132,"column":25}},"60":{"start":{"line":134,"column":2},"end":{"line":134,"column":18}},"61":{"start":{"line":137,"column":13},"end":{"line":145,"column":4}},"62":{"start":{"line":139,"column":2},"end":{"line":145,"column":4}},"63":{"start":{"line":140,"column":4},"end":{"line":144,"column":5}},"64":{"start":{"line":141,"column":6},"end":{"line":141,"column":24}},"65":{"start":{"line":143,"column":6},"end":{"line":143,"column":72}},"66":{"start":{"line":147,"column":13},"end":{"line":152,"column":4}},"67":{"start":{"line":149,"column":2},"end":{"line":152,"column":4}},"68":{"start":{"line":150,"column":4},"end":{"line":151,"column":27}},"69":{"start":{"line":151,"column":6},"end":{"line":151,"column":27}}},"fnMap":{"0":{"name":"(anonymous_1)","decl":{"start":{"line":32,"column":2},"end":{"line":null,"column":-1}},"loc":{"start":{"line":32,"column":2},"end":{"line":38,"column":1}}},"1":{"name":"(anonymous_2)","decl":{"start":{"line":40,"column":47},"end":{"line":40,"column":47}},"loc":{"start":{"line":40,"column":52},"end":{"line":41,"column":29}}},"2":{"name":"(anonymous_3)","decl":{"start":{"line":43,"column":48},"end":{"line":43,"column":48}},"loc":{"start":{"line":43,"column":53},"end":{"line":49,"column":1}}},"3":{"name":"(anonymous_4)","decl":{"start":{"line":52,"column":2},"end":{"line":52,"column":2}},"loc":{"start":{"line":52,"column":22},"end":{"line":66,"column":1}}},"4":{"name":"(anonymous_5)","decl":{"start":{"line":71,"column":2},"end":{"line":71,"column":2}},"loc":{"start":{"line":71,"column":32},"end":{"line":119,"column":1}}},"5":{"name":"(anonymous_6)","decl":{"start":{"line":73,"column":4},"end":{"line":null,"column":-1}},"loc":{"start":{"line":73,"column":4},"end":{"line":106,"column":3}}},"6":{"name":"(anonymous_7)","decl":{"start":{"line":117,"column":9},"end":{"line":null,"column":-1}},"loc":{"start":{"line":117,"column":9},"end":{"line":118,"column":66}}},"7":{"name":"(anonymous_8)","decl":{"start":{"line":122,"column":2},"end":{"line":122,"column":2}},"loc":{"start":{"line":122,"column":44},"end":{"line":135,"column":1}}},"8":{"name":"(anonymous_9)","decl":{"start":{"line":138,"column":2},"end":{"line":138,"column":2}},"loc":{"start":{"line":138,"column":32},"end":{"line":145,"column":4}}},"9":{"name":"(anonymous_10)","decl":{"start":{"line":139,"column":48},"end":{"line":139,"column":48}},"loc":{"start":{"line":139,"column":53},"end":{"line":145,"column":3}}},"10":{"name":"(anonymous_11)","decl":{"start":{"line":148,"column":2},"end":{"line":148,"column":2}},"loc":{"start":{"line":148,"column":32},"end":{"line":152,"column":4}}},"11":{"name":"(anonymous_12)","decl":{"start":{"line":149,"column":48},"end":{"line":149,"column":48}},"loc":{"start":{"line":149,"column":53},"end":{"line":152,"column":3}}}},"branchMap":{"0":{"loc":{"start":{"line":37,"column":28},"end":{"line":37,"column":30}},"type":"cond-expr","locations":[{"start":{"line":37,"column":28},"end":{"line":37,"column":30}},{"start":{"line":37,"column":33},"end":{"line":37,"column":62}}]},"1":{"loc":{"start":{"line":47,"column":51},"end":{"line":47,"column":60}},"type":"cond-expr","locations":[{"start":{"line":47,"column":51},"end":{"line":47,"column":60}},{"start":{"line":47,"column":63},"end":{"line":47,"column":64}}]},"2":{"loc":{"start":{"line":57,"column":2},"end":{"line":60,"column":3}},"type":"if","locations":[{"start":{"line":57,"column":2},"end":{"line":60,"column":3}},{"start":{"line":57,"column":2},"end":{"line":60,"column":3}}]},"3":{"loc":{"start":{"line":77,"column":4},"end":{"line":105,"column":5}},"type":"if","locations":[{"start":{"line":77,"column":4},"end":{"line":105,"column":5}},{"start":{"line":77,"column":4},"end":{"line":105,"column":5}}]},"4":{"loc":{"start":{"line":84,"column":6},"end":{"line":100,"column":7}},"type":"if","locations":[{"start":{"line":84,"column":6},"end":{"line":100,"column":7}},{"start":{"line":84,"column":6},"end":{"line":100,"column":7}}]},"5":{"loc":{"start":{"line":85,"column":8},"end":{"line":87,"column":9}},"type":"if","locations":[{"start":{"line":85,"column":8},"end":{"line":87,"column":9}},{"start":{"line":85,"column":8},"end":{"line":87,"column":9}}]},"6":{"loc":{"start":{"line":85,"column":12},"end":{"line":85,"column":31}},"type":"binary-expr","locations":[{"start":{"line":85,"column":12},"end":{"line":85,"column":31}},{"start":{"line":85,"column":35},"end":{"line":85,"column":75}}]},"7":{"loc":{"start":{"line":93,"column":8},"end":{"line":95,"column":9}},"type":"if","locations":[{"start":{"line":93,"column":8},"end":{"line":95,"column":9}},{"start":{"line":93,"column":8},"end":{"line":95,"column":9}}]},"8":{"loc":{"start":{"line":97,"column":8},"end":{"line":99,"column":9}},"type":"if","locations":[{"start":{"line":97,"column":8},"end":{"line":99,"column":9}},{"start":{"line":97,"column":8},"end":{"line":99,"column":9}}]},"9":{"loc":{"start":{"line":112,"column":2},"end":{"line":113,"column":32}},"type":"if","locations":[{"start":{"line":112,"column":2},"end":{"line":113,"column":32}},{"start":{"line":112,"column":2},"end":{"line":113,"column":32}}]},"10":{"loc":{"start":{"line":127,"column":2},"end":{"line":130,"column":3}},"type":"if","locations":[{"start":{"line":127,"column":2},"end":{"line":130,"column":3}},{"start":{"line":127,"column":2},"end":{"line":130,"column":3}}]},"11":{"loc":{"start":{"line":140,"column":4},"end":{"line":144,"column":5}},"type":"if","locations":[{"start":{"line":140,"column":4},"end":{"line":144,"column":5}},{"start":{"line":140,"column":4},"end":{"line":144,"column":5}}]},"12":{"loc":{"start":{"line":150,"column":4},"end":{"line":151,"column":27}},"type":"if","locations":[{"start":{"line":150,"column":4},"end":{"line":151,"column":27}},{"start":{"line":150,"column":4},"end":{"line":151,"column":27}}]}},"s":{"0":1,"1":1,"2":1,"3":1,"4":1,"5":1,"6":1,"7":1,"8":1,"9":1,"10":297,"11":297,"12":297,"13":1,"14":24,"15":1,"16":40,"17":40,"18":1,"19":128,"20":128,"21":128,"22":21,"23":21,"24":128,"25":128,"26":128,"27":1,"28":31,"29":104,"30":104,"31":104,"32":1,"33":103,"34":103,"35":103,"36":15,"37":88,"38":88,"39":88,"40":0,"41":88,"42":74,"43":14,"44":14,"45":31,"46":31,"47":31,"48":29,"49":31,"50":31,"51":31,"52":1,"53":34,"54":34,"55":34,"56":34,"57":28,"58":28,"59":34,"60":34,"61":1,"62":24,"63":24,"64":24,"65":0,"66":1,"67":10,"68":10,"69":10},"f":{"0":297,"1":24,"2":40,"3":128,"4":31,"5":104,"6":31,"7":34,"8":24,"9":24,"10":10,"11":10},"b":{"0":[36,261],"1":[10,30],"2":[21,107],"3":[1,103],"4":[103,0],"5":[15,88],"6":[103,21],"7":[0,88],"8":[74,14],"9":[29,2],"10":[28,6],"11":[24,0],"12":[10,0]}}
,"D:\\Projects\\history\\src\\LocationUtils.ts": {"path":"D:\\Projects\\history\\src\\LocationUtils.ts","statementMap":{"0":{"start":{"line":8,"column":0},"end":{"line":8,"column":32}},"1":{"start":{"line":9,"column":0},"end":{"line":9,"column":38}},"2":{"start":{"line":10,"column":0},"end":{"line":10,"column":39}},"3":{"start":{"line":23,"column":13},"end":{"line":24,"column":43}},"4":{"start":{"line":24,"column":2},"end":{"line":24,"column":43}},"5":{"start":{"line":26,"column":13},"end":{"line":43,"column":1}},"6":{"start":{"line":27,"column":3},"end":{"line":27,"column":14}},"7":{"start":{"line":27,"column":16},"end":{"line":27,"column":28}},"8":{"start":{"line":27,"column":30},"end":{"line":27,"column":40}},"9":{"start":{"line":28,"column":27},"end":{"line":28,"column":79}},"10":{"start":{"line":30,"column":27},"end":{"line":30,"column":49}},"11":{"start":{"line":31,"column":25},"end":{"line":31,"column":44}},"12":{"start":{"line":32,"column":23},"end":{"line":32,"column":40}},"13":{"start":{"line":33,"column":24},"end":{"line":33,"column":36}},"14":{"start":{"line":35,"column":2},"end":{"line":42,"column":3}},"15":{"start":{"line":45,"column":44},"end":{"line":46,"column":60}},"16":{"start":{"line":46,"column":2},"end":{"line":46,"column":60}},"17":{"start":{"line":48,"column":13},"end":{"line":86,"column":1}},"18":{"start":{"line":50,"column":2},"end":{"line":51,"column":15}},"19":{"start":{"line":51,"column":4},"end":{"line":51,"column":15}},"20":{"start":{"line":53,"column":26},"end":{"line":53,"column":34}},"21":{"start":{"line":54,"column":26},"end":{"line":54,"column":34}},"22":{"start":{"line":56,"column":2},"end":{"line":57,"column":16}},"23":{"start":{"line":57,"column":4},"end":{"line":57,"column":16}},"24":{"start":{"line":59,"column":2},"end":{"line":62,"column":3}},"25":{"start":{"line":65,"column":2},"end":{"line":81,"column":3}},"26":{"start":{"line":66,"column":4},"end":{"line":69,"column":5}},"27":{"start":{"line":71,"column":4},"end":{"line":76,"column":5}},"28":{"start":{"line":72,"column":32},"end":{"line":72,"column":46}},"29":{"start":{"line":73,"column":32},"end":{"line":73,"column":46}},"30":{"start":{"line":74,"column":6},"end":{"line":75,"column":60}},"31":{"start":{"line":75,"column":29},"end":{"line":75,"column":59}},"32":{"start":{"line":78,"column":4},"end":{"line":80,"column":62}},"33":{"start":{"line":80,"column":31},"end":{"line":80,"column":61}},"34":{"start":{"line":85,"column":2},"end":{"line":85,"column":14}},"35":{"start":{"line":88,"column":13},"end":{"line":95,"column":37}},"36":{"start":{"line":90,"column":2},"end":{"line":95,"column":37}}},"fnMap":{"0":{"name":"(anonymous_1)","decl":{"start":{"line":23,"column":55},"end":{"line":23,"column":55}},"loc":{"start":{"line":23,"column":61},"end":{"line":24,"column":43}}},"1":{"name":"(anonymous_2)","decl":{"start":{"line":27,"column":2},"end":{"line":27,"column":2}},"loc":{"start":{"line":27,"column":40},"end":{"line":43,"column":1}}},"2":{"name":"(anonymous_3)","decl":{"start":{"line":45,"column":44},"end":{"line":45,"column":44}},"loc":{"start":{"line":45,"column":51},"end":{"line":46,"column":60}}},"3":{"name":"(anonymous_4)","decl":{"start":{"line":49,"column":2},"end":{"line":49,"column":2}},"loc":{"start":{"line":49,"column":7},"end":{"line":86,"column":1}}},"4":{"name":"(anonymous_5)","decl":{"start":{"line":75,"column":22},"end":{"line":75,"column":21}},"loc":{"start":{"line":75,"column":25},"end":{"line":75,"column":59}}},"5":{"name":"(anonymous_6)","decl":{"start":{"line":80,"column":14},"end":{"line":80,"column":14}},"loc":{"start":{"line":80,"column":26},"end":{"line":80,"column":61}}},"6":{"name":"(anonymous_7)","decl":{"start":{"line":89,"column":2},"end":{"line":89,"column":2}},"loc":{"start":{"line":89,"column":7},"end":{"line":95,"column":37}}}},"branchMap":{"0":{"loc":{"start":{"line":27,"column":3},"end":{"line":27,"column":14}},"type":"if","locations":[{"start":{"line":27,"column":3},"end":{"line":27,"column":14}},{"start":{"line":27,"column":3},"end":{"line":27,"column":14}}]},"1":{"loc":{"start":{"line":27,"column":16},"end":{"line":27,"column":28}},"type":"if","locations":[{"start":{"line":27,"column":16},"end":{"line":27,"column":28}},{"start":{"line":27,"column":16},"end":{"line":27,"column":28}}]},"2":{"loc":{"start":{"line":27,"column":30},"end":{"line":27,"column":40}},"type":"if","locations":[{"start":{"line":27,"column":30},"end":{"line":27,"column":40}},{"start":{"line":27,"column":30},"end":{"line":27,"column":40}}]},"3":{"loc":{"start":{"line":28,"column":55},"end":{"line":28,"column":71}},"type":"cond-expr","locations":[{"start":{"line":28,"column":55},"end":{"line":28,"column":71}},{"start":{"line":28,"column":74},"end":{"line":28,"column":79}}]},"4":{"loc":{"start":{"line":30,"column":27},"end":{"line":30,"column":42}},"type":"binary-expr","locations":[{"start":{"line":30,"column":27},"end":{"line":30,"column":42}},{"start":{"line":30,"column":46},"end":{"line":30,"column":49}}]},"5":{"loc":{"start":{"line":31,"column":25},"end":{"line":31,"column":38}},"type":"binary-expr","locations":[{"start":{"line":31,"column":25},"end":{"line":31,"column":38}},{"start":{"line":31,"column":42},"end":{"line":31,"column":44}}]},"6":{"loc":{"start":{"line":32,"column":23},"end":{"line":32,"column":34}},"type":"binary-expr","locations":[{"start":{"line":32,"column":23},"end":{"line":32,"column":34}},{"start":{"line":32,"column":38},"end":{"line":32,"column":40}}]},"7":{"loc":{"start":{"line":50,"column":2},"end":{"line":51,"column":15}},"type":"if","locations":[{"start":{"line":50,"column":2},"end":{"line":51,"column":15}},{"start":{"line":50,"column":2},"end":{"line":51,"column":15}}]},"8":{"loc":{"start":{"line":56,"column":2},"end":{"line":57,"column":16}},"type":"if","locations":[{"start":{"line":56,"column":2},"end":{"line":57,"column":16}},{"start":{"line":56,"column":2},"end":{"line":57,"column":16}}]},"9":{"loc":{"start":{"line":65,"column":2},"end":{"line":81,"column":3}},"type":"if","locations":[{"start":{"line":65,"column":2},"end":{"line":81,"column":3}},{"start":{"line":65,"column":2},"end":{"line":81,"column":3}}]},"10":{"loc":{"start":{"line":67,"column":8},"end":{"line":67,"column":17}},"type":"binary-expr","locations":[{"start":{"line":67,"column":8},"end":{"line":67,"column":17}},{"start":{"line":67,"column":21},"end":{"line":67,"column":30}}]},"11":{"loc":{"start":{"line":71,"column":4},"end":{"line":76,"column":5}},"type":"if","locations":[{"start":{"line":71,"column":4},"end":{"line":76,"column":5}},{"start":{"line":71,"column":4},"end":{"line":76,"column":5}}]},"12":{"loc":{"start":{"line":74,"column":13},"end":{"line":74,"column":46}},"type":"binary-expr","locations":[{"start":{"line":74,"column":13},"end":{"line":74,"column":46}},{"start":{"line":75,"column":8},"end":{"line":75,"column":60}}]},"13":{"loc":{"start":{"line":78,"column":11},"end":{"line":78,"column":27}},"type":"binary-expr","locations":[{"start":{"line":78,"column":11},"end":{"line":78,"column":27}},{"start":{"line":79,"column":6},"end":{"line":79,"column":27}},{"start":{"line":80,"column":6},"end":{"line":80,"column":62}}]},"14":{"loc":{"start":{"line":90,"column":2},"end":{"line":90,"column":17}},"type":"binary-expr","locations":[{"start":{"line":90,"column":2},"end":{"line":90,"column":17}},{"start":{"line":92,"column":2},"end":{"line":92,"column":27}},{"start":{"line":93,"column":2},"end":{"line":93,"column":23}},{"start":{"line":94,"column":2},"end":{"line":94,"column":19}},{"start":{"line":95,"column":5},"end":{"line":95,"column":37}}]}},"s":{"0":4,"1":4,"2":4,"3":4,"4":39,"5":4,"6":427,"7":733,"8":569,"9":423,"10":423,"11":423,"12":423,"13":423,"14":423,"15":4,"16":6,"17":4,"18":13,"19":4,"20":9,"21":9,"22":9,"23":3,"24":6,"25":6,"26":6,"27":6,"28":6,"29":6,"30":6,"31":6,"32":0,"33":0,"34":0,"35":4,"36":60},"f":{"0":39,"1":423,"2":6,"3":13,"4":6,"5":0,"6":60},"b":{"0":[4,419],"1":[310,113],"2":[146,277],"3":[124,299],"4":[423,0],"5":[423,313],"6":[423,417],"7":[4,9],"8":[3,6],"9":[6,0],"10":[6,0],"11":[6,0],"12":[6,6],"13":[0,0,0],"14":[60,1,1,1,1]}}
,"D:\\Projects\\history\\src\\PathUtils.ts": {"path":"D:\\Projects\\history\\src\\PathUtils.ts","statementMap":{"0":{"start":{"line":8,"column":0},"end":{"line":8,"column":28}},"1":{"start":{"line":11,"column":13},"end":{"line":20,"column":1}},"2":{"start":{"line":13,"column":8},"end":{"line":13,"column":62}},"3":{"start":{"line":13,"column":10},"end":{"line":13,"column":18}},"4":{"start":{"line":13,"column":20},"end":{"line":13,"column":26}},"5":{"start":{"line":13,"column":28},"end":{"line":13,"column":62}},"6":{"start":{"line":15,"column":2},"end":{"line":19,"column":4}},"7":{"start":{"line":22,"column":13},"end":{"line":35,"column":1}},"8":{"start":{"line":23,"column":8},"end":{"line":23,"column":62}},"9":{"start":{"line":23,"column":10},"end":{"line":23,"column":18}},"10":{"start":{"line":23,"column":20},"end":{"line":23,"column":26}},"11":{"start":{"line":23,"column":28},"end":{"line":23,"column":62}},"12":{"start":{"line":25,"column":2},"end":{"line":34,"column":4}},"13":{"start":{"line":29,"column":33},"end":{"line":31,"column":7}},"14":{"start":{"line":37,"column":13},"end":{"line":42,"column":1}},"15":{"start":{"line":39,"column":10},"end":{"line":39,"column":16}},"16":{"start":{"line":40,"column":34},"end":{"line":40,"column":87}},"17":{"start":{"line":41,"column":2},"end":{"line":41,"column":26}},"18":{"start":{"line":44,"column":46},"end":{"line":50,"column":1}},"19":{"start":{"line":45,"column":32},"end":{"line":45,"column":36}},"20":{"start":{"line":46,"column":2},"end":{"line":48,"column":3}},"21":{"start":{"line":47,"column":4},"end":{"line":47,"column":47}},"22":{"start":{"line":49,"column":2},"end":{"line":49,"column":63}},"23":{"start":{"line":52,"column":13},"end":{"line":90,"column":1}},"24":{"start":{"line":54,"column":25},"end":{"line":54,"column":42}},"25":{"start":{"line":55,"column":23},"end":{"line":55,"column":25}},"26":{"start":{"line":56,"column":21},"end":{"line":56,"column":23}},"27":{"start":{"line":58,"column":2},"end":{"line":62,"column":3}},"28":{"start":{"line":64,"column":26},"end":{"line":64,"column":28}},"29":{"start":{"line":65,"column":2},"end":{"line":67,"column":3}},"30":{"start":{"line":66,"column":4},"end":{"line":66,"column":37}},"31":{"start":{"line":68,"column":2},"end":{"line":71,"column":3}},"32":{"start":{"line":69,"column":4},"end":{"line":69,"column":40}},"33":{"start":{"line":70,"column":4},"end":{"line":70,"column":47}},"34":{"start":{"line":73,"column":28},"end":{"line":73,"column":30}},"35":{"start":{"line":74,"column":2},"end":{"line":76,"column":3}},"36":{"start":{"line":75,"column":4},"end":{"line":75,"column":39}},"37":{"start":{"line":77,"column":2},"end":{"line":80,"column":3}},"38":{"start":{"line":78,"column":4},"end":{"line":78,"column":44}},"39":{"start":{"line":79,"column":4},"end":{"line":79,"column":49}},"40":{"start":{"line":82,"column":2},"end":{"line":83,"column":18}},"41":{"start":{"line":83,"column":4},"end":{"line":83,"column":18}},"42":{"start":{"line":85,"column":2},"end":{"line":89,"column":3}},"43":{"start":{"line":92,"column":13},"end":{"line":106,"column":1}},"44":{"start":{"line":93,"column":2},"end":{"line":94,"column":27}},"45":{"start":{"line":94,"column":4},"end":{"line":94,"column":27}},"46":{"start":{"line":96,"column":10},"end":{"line":96,"column":18}},"47":{"start":{"line":96,"column":20},"end":{"line":96,"column":28}},"48":{"start":{"line":96,"column":30},"end":{"line":96,"column":36}},"49":{"start":{"line":96,"column":38},"end":{"line":96,"column":42}},"50":{"start":{"line":97,"column":13},"end":{"line":97,"column":40}},"51":{"start":{"line":99,"column":2},"end":{"line":100,"column":18}},"52":{"start":{"line":100,"column":4},"end":{"line":100,"column":18}},"53":{"start":{"line":102,"column":2},"end":{"line":103,"column":16}},"54":{"start":{"line":103,"column":4},"end":{"line":103,"column":16}},"55":{"start":{"line":105,"column":2},"end":{"line":105,"column":13}}},"fnMap":{"0":{"name":"(anonymous_1)","decl":{"start":{"line":12,"column":2},"end":{"line":12,"column":2}},"loc":{"start":{"line":12,"column":19},"end":{"line":20,"column":1}}},"1":{"name":"(anonymous_2)","decl":{"start":{"line":22,"column":85},"end":{"line":22,"column":85}},"loc":{"start":{"line":22,"column":95},"end":{"line":35,"column":1}}},"2":{"name":"(anonymous_3)","decl":{"start":{"line":29,"column":6},"end":{"line":29,"column":6}},"loc":{"start":{"line":29,"column":28},"end":{"line":31,"column":7}}},"3":{"name":"(anonymous_4)","decl":{"start":{"line":38,"column":2},"end":{"line":38,"column":2}},"loc":{"start":{"line":38,"column":12},"end":{"line":42,"column":1}}},"4":{"name":"(anonymous_5)","decl":{"start":{"line":44,"column":46},"end":{"line":44,"column":46}},"loc":{"start":{"line":44,"column":51},"end":{"line":50,"column":1}}},"5":{"name":"(anonymous_6)","decl":{"start":{"line":53,"column":2},"end":{"line":53,"column":2}},"loc":{"start":{"line":53,"column":7},"end":{"line":90,"column":1}}},"6":{"name":"(anonymous_7)","decl":{"start":{"line":92,"column":68},"end":{"line":92,"column":68}},"loc":{"start":{"line":92,"column":77},"end":{"line":106,"column":1}}}},"branchMap":{"0":{"loc":{"start":{"line":17,"column":51},"end":{"line":17,"column":54}},"type":"cond-expr","locations":[{"start":{"line":17,"column":51},"end":{"line":17,"column":54}},{"start":{"line":17,"column":57},"end":{"line":17,"column":60}}]},"1":{"loc":{"start":{"line":30,"column":25},"end":{"line":30,"column":31}},"type":"cond-expr","locations":[{"start":{"line":30,"column":25},"end":{"line":30,"column":31}},{"start":{"line":30,"column":34},"end":{"line":30,"column":40}}]},"2":{"loc":{"start":{"line":41,"column":9},"end":{"line":41,"column":14}},"type":"binary-expr","locations":[{"start":{"line":41,"column":9},"end":{"line":41,"column":14}},{"start":{"line":41,"column":18},"end":{"line":41,"column":26}}]},"3":{"loc":{"start":{"line":46,"column":2},"end":{"line":48,"column":3}},"type":"if","locations":[{"start":{"line":46,"column":2},"end":{"line":48,"column":3}},{"start":{"line":46,"column":2},"end":{"line":48,"column":3}}]},"4":{"loc":{"start":{"line":49,"column":25},"end":{"line":49,"column":29}},"type":"cond-expr","locations":[{"start":{"line":49,"column":25},"end":{"line":49,"column":29}},{"start":{"line":49,"column":32},"end":{"line":49,"column":63}}]},"5":{"loc":{"start":{"line":65,"column":2},"end":{"line":67,"column":3}},"type":"if","locations":[{"start":{"line":65,"column":2},"end":{"line":67,"column":3}},{"start":{"line":65,"column":2},"end":{"line":67,"column":3}}]},"6":{"loc":{"start":{"line":68,"column":2},"end":{"line":71,"column":3}},"type":"if","locations":[{"start":{"line":68,"column":2},"end":{"line":71,"column":3}},{"start":{"line":68,"column":2},"end":{"line":71,"column":3}}]},"7":{"loc":{"start":{"line":74,"column":2},"end":{"line":76,"column":3}},"type":"if","locations":[{"start":{"line":74,"column":2},"end":{"line":76,"column":3}},{"start":{"line":74,"column":2},"end":{"line":76,"column":3}}]},"8":{"loc":{"start":{"line":77,"column":2},"end":{"line":80,"column":3}},"type":"if","locations":[{"start":{"line":77,"column":2},"end":{"line":80,"column":3}},{"start":{"line":77,"column":2},"end":{"line":80,"column":3}}]},"9":{"loc":{"start":{"line":82,"column":2},"end":{"line":83,"column":18}},"type":"if","locations":[{"start":{"line":82,"column":2},"end":{"line":83,"column":18}},{"start":{"line":82,"column":2},"end":{"line":83,"column":18}}]},"10":{"loc":{"start":{"line":93,"column":2},"end":{"line":94,"column":27}},"type":"if","locations":[{"start":{"line":93,"column":2},"end":{"line":94,"column":27}},{"start":{"line":93,"column":2},"end":{"line":94,"column":27}}]},"11":{"loc":{"start":{"line":93,"column":6},"end":{"line":93,"column":28}},"type":"binary-expr","locations":[{"start":{"line":93,"column":6},"end":{"line":93,"column":28}},{"start":{"line":93,"column":32},"end":{"line":93,"column":60}}]},"12":{"loc":{"start":{"line":97,"column":14},"end":{"line":97,"column":22}},"type":"binary-expr","locations":[{"start":{"line":97,"column":14},"end":{"line":97,"column":22}},{"start":{"line":97,"column":26},"end":{"line":97,"column":28}}]},"13":{"loc":{"start":{"line":99,"column":2},"end":{"line":100,"column":18}},"type":"if","locations":[{"start":{"line":99,"column":2},"end":{"line":100,"column":18}},{"start":{"line":99,"column":2},"end":{"line":100,"column":18}}]},"14":{"loc":{"start":{"line":99,"column":6},"end":{"line":99,"column":12}},"type":"binary-expr","locations":[{"start":{"line":99,"column":6},"end":{"line":99,"column":12}},{"start":{"line":99,"column":16},"end":{"line":99,"column":30}}]},"15":{"loc":{"start":{"line":102,"column":2},"end":{"line":103,"column":16}},"type":"if","locations":[{"start":{"line":102,"column":2},"end":{"line":103,"column":16}},{"start":{"line":102,"column":2},"end":{"line":103,"column":16}}]}},"s":{"0":5,"1":5,"2":32,"3":32,"4":32,"5":32,"6":32,"7":5,"8":30,"9":30,"10":30,"11":30,"12":30,"13":27,"14":5,"15":130,"16":130,"17":130,"18":5,"19":491,"20":491,"21":491,"22":491,"23":5,"24":491,"25":491,"26":491,"27":491,"28":491,"29":491,"30":491,"31":491,"32":9,"33":9,"34":491,"35":491,"36":491,"37":491,"38":114,"39":114,"40":491,"41":4,"42":491,"43":5,"44":360,"45":58,"46":302,"47":302,"48":302,"49":302,"50":302,"51":302,"52":206,"53":302,"54":16,"55":302},"f":{"0":32,"1":30,"2":27,"3":130,"4":491,"5":491,"6":360},"b":{"0":[7,25],"1":[3,24],"2":[130,22],"3":[491,0],"4":[490,1],"5":[491,0],"6":[9,482],"7":[491,0],"8":[114,377],"9":[4,487],"10":[58,302],"11":[360,306],"12":[302,299],"13":[206,96],"14":[302,208],"15":[16,286]}}
,"D:\\Projects\\history\\src\\RefreshProtocol.ts": {"path":"D:\\Projects\\history\\src\\RefreshProtocol.ts","statementMap":{"0":{"start":{"line":8,"column":0},"end":{"line":8,"column":57}},"1":{"start":{"line":9,"column":0},"end":{"line":9,"column":39}},"2":{"start":{"line":10,"column":0},"end":{"line":13,"column":25}},"3":{"start":{"line":15,"column":11},"end":{"line":15,"column":53}},"4":{"start":{"line":16,"column":11},"end":{"line":16,"column":19}},"5":{"start":{"line":18,"column":13},"end":{"line":20,"column":33}},"6":{"start":{"line":20,"column":2},"end":{"line":20,"column":33}},"7":{"start":{"line":22,"column":13},"end":{"line":26,"column":1}},"8":{"start":{"line":24,"column":2},"end":{"line":24,"column":45}},"9":{"start":{"line":25,"column":2},"end":{"line":25,"column":14}},"10":{"start":{"line":28,"column":13},"end":{"line":32,"column":1}},"11":{"start":{"line":30,"column":2},"end":{"line":30,"column":47}},"12":{"start":{"line":31,"column":2},"end":{"line":31,"column":14}}},"fnMap":{"0":{"name":"(anonymous_0)","decl":{"start":{"line":19,"column":2},"end":{"line":null,"column":-1}},"loc":{"start":{"line":19,"column":2},"end":{"line":20,"column":33}}},"1":{"name":"(anonymous_1)","decl":{"start":{"line":23,"column":2},"end":{"line":23,"column":2}},"loc":{"start":{"line":23,"column":11},"end":{"line":26,"column":1}}},"2":{"name":"(anonymous_2)","decl":{"start":{"line":29,"column":2},"end":{"line":29,"column":2}},"loc":{"start":{"line":29,"column":11},"end":{"line":32,"column":1}}}},"branchMap":{},"s":{"0":1,"1":1,"2":1,"3":1,"4":1,"5":1,"6":0,"7":1,"8":0,"9":0,"10":1,"11":0,"12":0},"f":{"0":0,"1":0,"2":0},"b":{}}
,"D:\\Projects\\history\\src\\createBrowserHistory.ts": {"path":"D:\\Projects\\history\\src\\createBrowserHistory.ts","statementMap":{"0":{"start":{"line":1,"column":0},"end":{"line":1,"column":32}},"1":{"start":{"line":2,"column":0},"end":{"line":2,"column":49}},"2":{"start":{"line":3,"column":0},"end":{"line":3,"column":51}},"3":{"start":{"line":4,"column":0},"end":{"line":4,"column":51}},"4":{"start":{"line":5,"column":0},"end":{"line":5,"column":43}},"5":{"start":{"line":6,"column":0},"end":{"line":6,"column":65}},"6":{"start":{"line":18,"column":48},"end":{"line":78,"column":1}},"7":{"start":{"line":18,"column":49},"end":{"line":18,"column":61}},"8":{"start":{"line":19,"column":2},"end":{"line":22,"column":3}},"9":{"start":{"line":24,"column":30},"end":{"line":24,"column":72}},"10":{"start":{"line":26,"column":4},"end":{"line":26,"column":50}},"11":{"start":{"line":29,"column":4},"end":{"line":29,"column":23}},"12":{"start":{"line":30,"column":4},"end":{"line":30,"column":22}},"13":{"start":{"line":31,"column":4},"end":{"line":31,"column":16}},"14":{"start":{"line":32,"column":4},"end":{"line":32,"column":19}},"15":{"start":{"line":33,"column":4},"end":{"line":33,"column":6}},"16":{"start":{"line":36,"column":18},"end":{"line":43,"column":4}},"17":{"start":{"line":45,"column":30},"end":{"line":45,"column":31}},"18":{"start":{"line":49,"column":4},"end":{"line":65,"column":3}},"19":{"start":{"line":50,"column":4},"end":{"line":53,"column":7}},"20":{"start":{"line":51,"column":6},"end":{"line":53,"column":7}},"21":{"start":{"line":55,"column":21},"end":{"line":57,"column":32}},"22":{"start":{"line":59,"column":4},"end":{"line":64,"column":5}},"23":{"start":{"line":60,"column":6},"end":{"line":60,"column":16}},"24":{"start":{"line":62,"column":6},"end":{"line":63,"column":22}},"25":{"start":{"line":63,"column":8},"end":{"line":63,"column":22}},"26":{"start":{"line":67,"column":59},"end":{"line":68,"column":33}},"27":{"start":{"line":68,"column":4},"end":{"line":68,"column":33}},"28":{"start":{"line":70,"column":53},"end":{"line":71,"column":34}},"29":{"start":{"line":71,"column":4},"end":{"line":71,"column":34}},"30":{"start":{"line":73,"column":2},"end":{"line":77,"column":3}},"31":{"start":{"line":80,"column":0},"end":{"line":80,"column":35}}},"fnMap":{"0":{"name":"(anonymous_4)","decl":{"start":{"line":18,"column":48},"end":{"line":18,"column":48}},"loc":{"start":{"line":18,"column":61},"end":{"line":78,"column":1}}},"1":{"name":"(anonymous_5)","decl":{"start":{"line":49,"column":4},"end":{"line":49,"column":4}},"loc":{"start":{"line":49,"column":21},"end":{"line":65,"column":3}}},"2":{"name":"(anonymous_6)","decl":{"start":{"line":59,"column":11},"end":{"line":null,"column":-1}},"loc":{"start":{"line":59,"column":11},"end":{"line":64,"column":5}}},"3":{"name":"(anonymous_7)","decl":{"start":{"line":67,"column":59},"end":{"line":67,"column":59}},"loc":{"start":{"line":67,"column":68},"end":{"line":68,"column":33}}},"4":{"name":"(anonymous_8)","decl":{"start":{"line":70,"column":53},"end":{"line":70,"column":53}},"loc":{"start":{"line":70,"column":62},"end":{"line":71,"column":34}}}},"branchMap":{"0":{"loc":{"start":{"line":18,"column":49},"end":{"line":18,"column":61}},"type":"if","locations":[{"start":{"line":18,"column":49},"end":{"line":18,"column":61}},{"start":{"line":18,"column":49},"end":{"line":18,"column":61}}]},"1":{"loc":{"start":{"line":24,"column":30},"end":{"line":24,"column":50}},"type":"binary-expr","locations":[{"start":{"line":24,"column":30},"end":{"line":24,"column":50}},{"start":{"line":24,"column":54},"end":{"line":24,"column":72}}]},"2":{"loc":{"start":{"line":26,"column":17},"end":{"line":26,"column":32}},"type":"cond-expr","locations":[{"start":{"line":26,"column":17},"end":{"line":26,"column":32}},{"start":{"line":26,"column":35},"end":{"line":26,"column":50}}]},"3":{"loc":{"start":{"line":50,"column":4},"end":{"line":53,"column":7}},"type":"if","locations":[{"start":{"line":50,"column":4},"end":{"line":53,"column":7}},{"start":{"line":50,"column":4},"end":{"line":53,"column":7}}]},"4":{"loc":{"start":{"line":56,"column":8},"end":{"line":56,"column":38}},"type":"cond-expr","locations":[{"start":{"line":56,"column":8},"end":{"line":56,"column":38}},{"start":{"line":57,"column":8},"end":{"line":57,"column":32}}]},"5":{"loc":{"start":{"line":62,"column":6},"end":{"line":63,"column":22}},"type":"if","locations":[{"start":{"line":62,"column":6},"end":{"line":63,"column":22}},{"start":{"line":62,"column":6},"end":{"line":63,"column":22}}]}},"s":{"0":1,"1":1,"2":1,"3":1,"4":1,"5":1,"6":1,"7":165,"8":97,"9":97,"10":97,"11":97,"12":97,"13":97,"14":97,"15":97,"16":97,"17":97,"18":97,"19":35,"20":30,"21":35,"22":35,"23":109,"24":109,"25":30,"26":97,"27":7,"28":97,"29":28,"30":97,"31":1},"f":{"0":97,"1":35,"2":109,"3":7,"4":28},"b":{"0":[68,29],"1":[97,97],"2":[0,97],"3":[30,5],"4":[7,28],"5":[30,79]}}
,"D:\\Projects\\history\\src\\createHashHistory.ts": {"path":"D:\\Projects\\history\\src\\createHashHistory.ts","statementMap":{"0":{"start":{"line":7,"column":0},"end":{"line":7,"column":28}},"1":{"start":{"line":8,"column":0},"end":{"line":8,"column":32}},"2":{"start":{"line":9,"column":0},"end":{"line":9,"column":49}},"3":{"start":{"line":10,"column":0},"end":{"line":10,"column":60}},"4":{"start":{"line":11,"column":0},"end":{"line":11,"column":45}},"5":{"start":{"line":12,"column":0},"end":{"line":12,"column":80}},"6":{"start":{"line":26,"column":32},"end":{"line":26,"column":36}},"7":{"start":{"line":28,"column":50},"end":{"line":29,"column":44}},"8":{"start":{"line":29,"column":2},"end":{"line":29,"column":44}},"9":{"start":{"line":31,"column":35},"end":{"line":44,"column":1}},"10":{"start":{"line":33,"column":26},"end":{"line":33,"column":68}},"11":{"start":{"line":34,"column":26},"end":{"line":34,"column":75}},"12":{"start":{"line":37,"column":26},"end":{"line":37,"column":75}},"13":{"start":{"line":46,"column":45},"end":{"line":150,"column":1}},"14":{"start":{"line":46,"column":46},"end":{"line":46,"column":58}},"15":{"start":{"line":47,"column":2},"end":{"line":50,"column":3}},"16":{"start":{"line":52,"column":8},"end":{"line":52,"column":16}},"17":{"start":{"line":52,"column":18},"end":{"line":52,"column":26}},"18":{"start":{"line":60,"column":2},"end":{"line":61,"column":30}},"19":{"start":{"line":61,"column":4},"end":{"line":61,"column":30}},"20":{"start":{"line":63,"column":2},"end":{"line":64,"column":22}},"21":{"start":{"line":64,"column":4},"end":{"line":64,"column":22}},"22":{"start":{"line":66,"column":2},"end":{"line":74,"column":3}},"23":{"start":{"line":67,"column":4},"end":{"line":71,"column":5}},"24":{"start":{"line":73,"column":4},"end":{"line":73,"column":22}},"25":{"start":{"line":76,"column":31},"end":{"line":76,"column":55}},"26":{"start":{"line":78,"column":10},"end":{"line":78,"column":29}},"27":{"start":{"line":80,"column":45},"end":{"line":81,"column":56}},"28":{"start":{"line":81,"column":4},"end":{"line":81,"column":56}},"29":{"start":{"line":83,"column":53},"end":{"line":84,"column":60}},"30":{"start":{"line":84,"column":4},"end":{"line":84,"column":60}},"31":{"start":{"line":86,"column":56},"end":{"line":87,"column":63}},"32":{"start":{"line":87,"column":4},"end":{"line":87,"column":63}},"33":{"start":{"line":89,"column":33},"end":{"line":96,"column":4}},"34":{"start":{"line":98,"column":30},"end":{"line":98,"column":31}},"35":{"start":{"line":102,"column":4},"end":{"line":120,"column":3}},"36":{"start":{"line":103,"column":4},"end":{"line":108,"column":7}},"37":{"start":{"line":104,"column":6},"end":{"line":108,"column":7}},"38":{"start":{"line":110,"column":21},"end":{"line":112,"column":32}},"39":{"start":{"line":114,"column":4},"end":{"line":119,"column":5}},"40":{"start":{"line":115,"column":6},"end":{"line":115,"column":16}},"41":{"start":{"line":117,"column":6},"end":{"line":118,"column":22}},"42":{"start":{"line":118,"column":8},"end":{"line":118,"column":22}},"43":{"start":{"line":122,"column":53},"end":{"line":123,"column":33}},"44":{"start":{"line":123,"column":4},"end":{"line":123,"column":33}},"45":{"start":{"line":125,"column":47},"end":{"line":126,"column":34}},"46":{"start":{"line":126,"column":4},"end":{"line":126,"column":34}},"47":{"start":{"line":128,"column":46},"end":{"line":128,"column":80}},"48":{"start":{"line":131,"column":4},"end":{"line":138,"column":3}},"49":{"start":{"line":132,"column":4},"end":{"line":135,"column":5}},"50":{"start":{"line":137,"column":4},"end":{"line":137,"column":17}},"51":{"start":{"line":140,"column":47},"end":{"line":141,"column":56}},"52":{"start":{"line":141,"column":4},"end":{"line":141,"column":56}},"53":{"start":{"line":143,"column":2},"end":{"line":149,"column":3}},"54":{"start":{"line":152,"column":0},"end":{"line":152,"column":32}}},"fnMap":{"0":{"name":"(anonymous_4)","decl":{"start":{"line":28,"column":50},"end":{"line":28,"column":50}},"loc":{"start":{"line":28,"column":55},"end":{"line":29,"column":44}}},"1":{"name":"(anonymous_5)","decl":{"start":{"line":33,"column":16},"end":{"line":33,"column":16}},"loc":{"start":{"line":33,"column":21},"end":{"line":33,"column":68}}},"2":{"name":"(anonymous_6)","decl":{"start":{"line":34,"column":16},"end":{"line":34,"column":16}},"loc":{"start":{"line":34,"column":21},"end":{"line":34,"column":75}}},"3":{"name":"(anonymous_7)","decl":{"start":{"line":37,"column":16},"end":{"line":37,"column":16}},"loc":{"start":{"line":37,"column":21},"end":{"line":37,"column":75}}},"4":{"name":"(anonymous_8)","decl":{"start":{"line":46,"column":45},"end":{"line":46,"column":45}},"loc":{"start":{"line":46,"column":58},"end":{"line":150,"column":1}}},"5":{"name":"(anonymous_9)","decl":{"start":{"line":80,"column":45},"end":{"line":null,"column":-1}},"loc":{"start":{"line":80,"column":45},"end":{"line":81,"column":56}}},"6":{"name":"(anonymous_10)","decl":{"start":{"line":83,"column":53},"end":{"line":83,"column":53}},"loc":{"start":{"line":83,"column":62},"end":{"line":84,"column":60}}},"7":{"name":"(anonymous_11)","decl":{"start":{"line":86,"column":56},"end":{"line":86,"column":56}},"loc":{"start":{"line":86,"column":65},"end":{"line":87,"column":63}}},"8":{"name":"(anonymous_12)","decl":{"start":{"line":102,"column":4},"end":{"line":102,"column":4}},"loc":{"start":{"line":102,"column":21},"end":{"line":120,"column":3}}},"9":{"name":"(anonymous_13)","decl":{"start":{"line":114,"column":11},"end":{"line":null,"column":-1}},"loc":{"start":{"line":114,"column":11},"end":{"line":119,"column":5}}},"10":{"name":"(anonymous_14)","decl":{"start":{"line":122,"column":53},"end":{"line":122,"column":53}},"loc":{"start":{"line":122,"column":62},"end":{"line":123,"column":33}}},"11":{"name":"(anonymous_15)","decl":{"start":{"line":125,"column":47},"end":{"line":125,"column":47}},"loc":{"start":{"line":125,"column":56},"end":{"line":126,"column":34}}},"12":{"name":"(anonymous_16)","decl":{"start":{"line":131,"column":4},"end":{"line":131,"column":4}},"loc":{"start":{"line":131,"column":6},"end":{"line":138,"column":3}}},"13":{"name":"(anonymous_17)","decl":{"start":{"line":140,"column":47},"end":{"line":140,"column":47}},"loc":{"start":{"line":140,"column":52},"end":{"line":141,"column":56}}}},"branchMap":{"0":{"loc":{"start":{"line":29,"column":27},"end":{"line":29,"column":31}},"type":"cond-expr","locations":[{"start":{"line":29,"column":27},"end":{"line":29,"column":31}},{"start":{"line":29,"column":34},"end":{"line":29,"column":44}}]},"1":{"loc":{"start":{"line":33,"column":51},"end":{"line":33,"column":55}},"type":"cond-expr","locations":[{"start":{"line":33,"column":51},"end":{"line":33,"column":55}},{"start":{"line":33,"column":58},"end":{"line":33,"column":68}}]},"2":{"loc":{"start":{"line":34,"column":51},"end":{"line":34,"column":68}},"type":"cond-expr","locations":[{"start":{"line":34,"column":51},"end":{"line":34,"column":68}},{"start":{"line":34,"column":71},"end":{"line":34,"column":75}}]},"3":{"loc":{"start":{"line":37,"column":51},"end":{"line":37,"column":68}},"type":"cond-expr","locations":[{"start":{"line":37,"column":51},"end":{"line":37,"column":68}},{"start":{"line":37,"column":71},"end":{"line":37,"column":75}}]},"4":{"loc":{"start":{"line":46,"column":46},"end":{"line":46,"column":58}},"type":"if","locations":[{"start":{"line":46,"column":46},"end":{"line":46,"column":58}},{"start":{"line":46,"column":46},"end":{"line":46,"column":58}}]},"5":{"loc":{"start":{"line":60,"column":2},"end":{"line":61,"column":30}},"type":"if","locations":[{"start":{"line":60,"column":2},"end":{"line":61,"column":30}},{"start":{"line":60,"column":2},"end":{"line":61,"column":30}}]},"6":{"loc":{"start":{"line":63,"column":2},"end":{"line":64,"column":22}},"type":"if","locations":[{"start":{"line":63,"column":2},"end":{"line":64,"column":22}},{"start":{"line":63,"column":2},"end":{"line":64,"column":22}}]},"7":{"loc":{"start":{"line":66,"column":2},"end":{"line":74,"column":3}},"type":"if","locations":[{"start":{"line":66,"column":2},"end":{"line":74,"column":3}},{"start":{"line":66,"column":2},"end":{"line":74,"column":3}}]},"8":{"loc":{"start":{"line":103,"column":4},"end":{"line":108,"column":7}},"type":"if","locations":[{"start":{"line":103,"column":4},"end":{"line":108,"column":7}},{"start":{"line":103,"column":4},"end":{"line":108,"column":7}}]},"9":{"loc":{"start":{"line":111,"column":8},"end":{"line":111,"column":38}},"type":"cond-expr","locations":[{"start":{"line":111,"column":8},"end":{"line":111,"column":38}},{"start":{"line":112,"column":8},"end":{"line":112,"column":32}}]},"10":{"loc":{"start":{"line":117,"column":6},"end":{"line":118,"column":22}},"type":"if","locations":[{"start":{"line":117,"column":6},"end":{"line":118,"column":22}},{"start":{"line":117,"column":6},"end":{"line":118,"column":22}}]}},"s":{"0":1,"1":1,"2":1,"3":1,"4":1,"5":1,"6":1,"7":1,"8":286,"9":1,"10":7,"11":5,"12":6,"13":1,"14":178,"15":107,"16":107,"17":107,"18":107,"19":106,"20":107,"21":101,"22":107,"23":0,"24":0,"25":107,"26":107,"27":107,"28":25,"29":107,"30":24,"31":107,"32":10,"33":107,"34":107,"35":107,"36":36,"37":31,"38":36,"39":36,"40":112,"41":112,"42":31,"43":107,"44":6,"45":107,"46":30,"47":107,"48":107,"49":0,"50":0,"51":107,"52":7,"53":107,"54":1},"f":{"0":286,"1":7,"2":5,"3":6,"4":107,"5":25,"6":24,"7":10,"8":36,"9":112,"10":6,"11":30,"12":0,"13":7},"b":{"0":[252,34],"1":[4,3],"2":[5,0],"3":[2,4],"4":[71,36],"5":[106,1],"6":[101,6],"7":[0,107],"8":[31,5],"9":[6,30],"10":[31,81]}}
,"D:\\Projects\\history\\src\\createHistory.ts": {"path":"D:\\Projects\\history\\src\\createHistory.ts","statementMap":{"0":{"start":{"line":1,"column":0},"end":{"line":1,"column":39}},"1":{"start":{"line":2,"column":0},"end":{"line":2,"column":39}},"2":{"start":{"line":3,"column":0},"end":{"line":3,"column":50}},"3":{"start":{"line":4,"column":0},"end":{"line":4,"column":54}},"4":{"start":{"line":5,"column":0},"end":{"line":11,"column":23}},"5":{"start":{"line":53,"column":41},"end":{"line":206,"column":1}},"6":{"start":{"line":53,"column":42},"end":{"line":53,"column":54}},"7":{"start":{"line":55,"column":4},"end":{"line":55,"column":22}},"8":{"start":{"line":56,"column":4},"end":{"line":56,"column":23}},"9":{"start":{"line":57,"column":4},"end":{"line":57,"column":16}},"10":{"start":{"line":58,"column":4},"end":{"line":58,"column":19}},"11":{"start":{"line":59,"column":4},"end":{"line":59,"column":6}},"12":{"start":{"line":60,"column":4},"end":{"line":60,"column":13}},"13":{"start":{"line":65,"column":36},"end":{"line":65,"column":38}},"14":{"start":{"line":66,"column":30},"end":{"line":66,"column":32}},"15":{"start":{"line":67,"column":26},"end":{"line":67,"column":28}},"16":{"start":{"line":69,"column":40},"end":{"line":77,"column":3}},"17":{"start":{"line":70,"column":4},"end":{"line":71,"column":49}},"18":{"start":{"line":71,"column":6},"end":{"line":71,"column":49}},"19":{"start":{"line":73,"column":4},"end":{"line":74,"column":49}},"20":{"start":{"line":74,"column":6},"end":{"line":74,"column":49}},"21":{"start":{"line":76,"column":4},"end":{"line":76,"column":13}},"22":{"start":{"line":80,"column":4},"end":{"line":91,"column":3}},"23":{"start":{"line":81,"column":25},"end":{"line":81,"column":42}},"24":{"start":{"line":82,"column":4},"end":{"line":82,"column":34}},"25":{"start":{"line":84,"column":4},"end":{"line":88,"column":5}},"26":{"start":{"line":85,"column":6},"end":{"line":85,"column":78}},"27":{"start":{"line":86,"column":11},"end":{"line":88,"column":5}},"28":{"start":{"line":87,"column":6},"end":{"line":87,"column":49}},"29":{"start":{"line":90,"column":4},"end":{"line":90,"column":60}},"30":{"start":{"line":90,"column":34},"end":{"line":90,"column":59}},"31":{"start":{"line":93,"column":65},"end":{"line":98,"column":3}},"32":{"start":{"line":94,"column":4},"end":{"line":94,"column":34}},"33":{"start":{"line":96,"column":4},"end":{"line":97,"column":73}},"34":{"start":{"line":97,"column":6},"end":{"line":97,"column":73}},"35":{"start":{"line":97,"column":55},"end":{"line":97,"column":72}},"36":{"start":{"line":100,"column":59},"end":{"line":105,"column":3}},"37":{"start":{"line":101,"column":4},"end":{"line":101,"column":28}},"38":{"start":{"line":103,"column":4},"end":{"line":104,"column":61}},"39":{"start":{"line":104,"column":6},"end":{"line":104,"column":61}},"40":{"start":{"line":104,"column":43},"end":{"line":104,"column":60}},"41":{"start":{"line":108,"column":4},"end":{"line":124,"column":3}},"42":{"start":{"line":109,"column":4},"end":{"line":123,"column":5}},"43":{"start":{"line":112,"column":8},"end":{"line":114,"column":9}},"44":{"start":{"line":113,"column":10},"end":{"line":113,"column":48}},"45":{"start":{"line":117,"column":8},"end":{"line":121,"column":9}},"46":{"start":{"line":118,"column":10},"end":{"line":118,"column":70}},"47":{"start":{"line":118,"column":47},"end":{"line":118,"column":69}},"48":{"start":{"line":120,"column":10},"end":{"line":120,"column":37}},"49":{"start":{"line":126,"column":23},"end":{"line":168,"column":3}},"50":{"start":{"line":127,"column":4},"end":{"line":131,"column":12}},"51":{"start":{"line":131,"column":6},"end":{"line":131,"column":12}},"52":{"start":{"line":133,"column":4},"end":{"line":133,"column":34}},"53":{"start":{"line":135,"column":4},"end":{"line":167,"column":6}},"54":{"start":{"line":136,"column":6},"end":{"line":137,"column":14}},"55":{"start":{"line":137,"column":8},"end":{"line":137,"column":14}},"56":{"start":{"line":139,"column":6},"end":{"line":139,"column":28}},"57":{"start":{"line":141,"column":6},"end":{"line":166,"column":7}},"58":{"start":{"line":143,"column":8},"end":{"line":149,"column":9}},"59":{"start":{"line":144,"column":27},"end":{"line":144,"column":54}},"60":{"start":{"line":145,"column":27},"end":{"line":145,"column":51}},"61":{"start":{"line":147,"column":10},"end":{"line":148,"column":41}},"62":{"start":{"line":148,"column":12},"end":{"line":148,"column":41}},"63":{"start":{"line":151,"column":8},"end":{"line":159,"column":9}},"64":{"start":{"line":152,"column":10},"end":{"line":152,"column":38}},"65":{"start":{"line":153,"column":15},"end":{"line":159,"column":9}},"66":{"start":{"line":154,"column":10},"end":{"line":155,"column":40}},"67":{"start":{"line":155,"column":12},"end":{"line":155,"column":40}},"68":{"start":{"line":156,"column":15},"end":{"line":159,"column":9}},"69":{"start":{"line":157,"column":10},"end":{"line":158,"column":40}},"70":{"start":{"line":158,"column":12},"end":{"line":158,"column":40}},"71":{"start":{"line":160,"column":13},"end":{"line":166,"column":7}},"72":{"start":{"line":161,"column":26},"end":{"line":161,"column":62}},"73":{"start":{"line":162,"column":26},"end":{"line":162,"column":59}},"74":{"start":{"line":164,"column":8},"end":{"line":165,"column":35}},"75":{"start":{"line":165,"column":10},"end":{"line":165,"column":35}},"76":{"start":{"line":170,"column":51},"end":{"line":171,"column":45}},"77":{"start":{"line":171,"column":4},"end":{"line":171,"column":45}},"78":{"start":{"line":173,"column":54},"end":{"line":174,"column":48}},"79":{"start":{"line":174,"column":4},"end":{"line":174,"column":48}},"80":{"start":{"line":176,"column":17},"end":{"line":177,"column":10}},"81":{"start":{"line":177,"column":4},"end":{"line":177,"column":10}},"82":{"start":{"line":179,"column":20},"end":{"line":180,"column":9}},"83":{"start":{"line":180,"column":4},"end":{"line":180,"column":9}},"84":{"start":{"line":182,"column":20},"end":{"line":183,"column":56}},"85":{"start":{"line":183,"column":4},"end":{"line":183,"column":56}},"86":{"start":{"line":185,"column":21},"end":{"line":186,"column":24}},"87":{"start":{"line":186,"column":4},"end":{"line":186,"column":24}},"88":{"start":{"line":188,"column":99},"end":{"line":189,"column":42}},"89":{"start":{"line":188,"column":118},"end":{"line":188,"column":135}},"90":{"start":{"line":189,"column":4},"end":{"line":189,"column":42}},"91":{"start":{"line":191,"column":2},"end":{"line":205,"column":3}},"92":{"start":{"line":208,"column":0},"end":{"line":208,"column":28}}},"fnMap":{"0":{"name":"(anonymous_3)","decl":{"start":{"line":53,"column":41},"end":{"line":53,"column":41}},"loc":{"start":{"line":53,"column":54},"end":{"line":206,"column":1}}},"1":{"name":"(anonymous_4)","decl":{"start":{"line":69,"column":40},"end":{"line":null,"column":-1}},"loc":{"start":{"line":69,"column":40},"end":{"line":77,"column":3}}},"2":{"name":"(anonymous_5)","decl":{"start":{"line":80,"column":4},"end":{"line":80,"column":4}},"loc":{"start":{"line":80,"column":17},"end":{"line":91,"column":3}}},"3":{"name":"(anonymous_6)","decl":{"start":{"line":90,"column":22},"end":{"line":90,"column":21}},"loc":{"start":{"line":90,"column":30},"end":{"line":90,"column":59}}},"4":{"name":"(anonymous_7)","decl":{"start":{"line":93,"column":65},"end":{"line":93,"column":65}},"loc":{"start":{"line":93,"column":74},"end":{"line":98,"column":3}}},"5":{"name":"(anonymous_8)","decl":{"start":{"line":96,"column":11},"end":{"line":null,"column":-1}},"loc":{"start":{"line":96,"column":11},"end":{"line":97,"column":73}}},"6":{"name":"(anonymous_9)","decl":{"start":{"line":97,"column":47},"end":{"line":97,"column":46}},"loc":{"start":{"line":97,"column":51},"end":{"line":97,"column":72}}},"7":{"name":"(anonymous_10)","decl":{"start":{"line":100,"column":59},"end":{"line":100,"column":59}},"loc":{"start":{"line":100,"column":68},"end":{"line":105,"column":3}}},"8":{"name":"(anonymous_11)","decl":{"start":{"line":103,"column":11},"end":{"line":null,"column":-1}},"loc":{"start":{"line":103,"column":11},"end":{"line":104,"column":61}}},"9":{"name":"(anonymous_12)","decl":{"start":{"line":104,"column":35},"end":{"line":104,"column":34}},"loc":{"start":{"line":104,"column":39},"end":{"line":104,"column":60}}},"10":{"name":"(anonymous_13)","decl":{"start":{"line":108,"column":4},"end":{"line":108,"column":4}},"loc":{"start":{"line":108,"column":23},"end":{"line":124,"column":3}}},"11":{"name":"(anonymous_14)","decl":{"start":{"line":111,"column":6},"end":{"line":111,"column":6}},"loc":{"start":{"line":111,"column":24},"end":{"line":115,"column":7}}},"12":{"name":"(anonymous_15)","decl":{"start":{"line":112,"column":60},"end":{"line":112,"column":60}},"loc":{"start":{"line":112,"column":67},"end":{"line":113,"column":48}}},"13":{"name":"(anonymous_16)","decl":{"start":{"line":116,"column":6},"end":{"line":116,"column":6}},"loc":{"start":{"line":116,"column":14},"end":{"line":122,"column":7}}},"14":{"name":"(anonymous_17)","decl":{"start":{"line":118,"column":39},"end":{"line":118,"column":39}},"loc":{"start":{"line":118,"column":42},"end":{"line":118,"column":69}}},"15":{"name":"(anonymous_18)","decl":{"start":{"line":126,"column":23},"end":{"line":126,"column":23}},"loc":{"start":{"line":126,"column":36},"end":{"line":168,"column":3}}},"16":{"name":"(anonymous_19)","decl":{"start":{"line":135,"column":38},"end":{"line":135,"column":38}},"loc":{"start":{"line":135,"column":41},"end":{"line":167,"column":5}}},"17":{"name":"(anonymous_20)","decl":{"start":{"line":170,"column":51},"end":{"line":170,"column":51}},"loc":{"start":{"line":170,"column":57},"end":{"line":171,"column":45}}},"18":{"name":"(anonymous_21)","decl":{"start":{"line":173,"column":54},"end":{"line":173,"column":54}},"loc":{"start":{"line":173,"column":60},"end":{"line":174,"column":48}}},"19":{"name":"(anonymous_22)","decl":{"start":{"line":176,"column":17},"end":{"line":null,"column":-1}},"loc":{"start":{"line":176,"column":17},"end":{"line":177,"column":10}}},"20":{"name":"(anonymous_23)","decl":{"start":{"line":179,"column":20},"end":{"line":null,"column":-1}},"loc":{"start":{"line":179,"column":20},"end":{"line":180,"column":9}}},"21":{"name":"(anonymous_24)","decl":{"start":{"line":182,"column":20},"end":{"line":null,"column":-1}},"loc":{"start":{"line":182,"column":20},"end":{"line":183,"column":56}}},"22":{"name":"(anonymous_25)","decl":{"start":{"line":185,"column":21},"end":{"line":185,"column":21}},"loc":{"start":{"line":185,"column":30},"end":{"line":186,"column":24}}},"23":{"name":"(anonymous_26)","decl":{"start":{"line":188,"column":99},"end":{"line":188,"column":99}},"loc":{"start":{"line":188,"column":135},"end":{"line":189,"column":42}}}},"branchMap":{"0":{"loc":{"start":{"line":53,"column":42},"end":{"line":53,"column":54}},"type":"if","locations":[{"start":{"line":53,"column":42},"end":{"line":53,"column":54}},{"start":{"line":53,"column":42},"end":{"line":53,"column":54}}]},"1":{"loc":{"start":{"line":70,"column":4},"end":{"line":71,"column":49}},"type":"if","locations":[{"start":{"line":70,"column":4},"end":{"line":71,"column":49}},{"start":{"line":70,"column":4},"end":{"line":71,"column":49}}]},"2":{"loc":{"start":{"line":70,"column":8},"end":{"line":70,"column":23}},"type":"binary-expr","locations":[{"start":{"line":70,"column":8},"end":{"line":70,"column":23}},{"start":{"line":70,"column":27},"end":{"line":70,"column":57}}]},"3":{"loc":{"start":{"line":73,"column":4},"end":{"line":74,"column":49}},"type":"if","locations":[{"start":{"line":73,"column":4},"end":{"line":74,"column":49}},{"start":{"line":73,"column":4},"end":{"line":74,"column":49}}]},"4":{"loc":{"start":{"line":84,"column":4},"end":{"line":88,"column":5}},"type":"if","locations":[{"start":{"line":84,"column":4},"end":{"line":88,"column":5}},{"start":{"line":84,"column":4},"end":{"line":88,"column":5}}]},"5":{"loc":{"start":{"line":86,"column":11},"end":{"line":88,"column":5}},"type":"if","locations":[{"start":{"line":86,"column":11},"end":{"line":88,"column":5}},{"start":{"line":86,"column":11},"end":{"line":88,"column":5}}]},"6":{"loc":{"start":{"line":113,"column":27},"end":{"line":113,"column":39}},"type":"cond-expr","locations":[{"start":{"line":113,"column":27},"end":{"line":113,"column":39}},{"start":{"line":113,"column":42},"end":{"line":113,"column":48}}]},"7":{"loc":{"start":{"line":117,"column":8},"end":{"line":121,"column":9}},"type":"if","locations":[{"start":{"line":117,"column":8},"end":{"line":121,"column":9}},{"start":{"line":117,"column":8},"end":{"line":121,"column":9}}]},"8":{"loc":{"start":{"line":117,"column":12},"end":{"line":117,"column":31}},"type":"binary-expr","locations":[{"start":{"line":117,"column":12},"end":{"line":117,"column":31}},{"start":{"line":117,"column":35},"end":{"line":117,"column":62}}]},"9":{"loc":{"start":{"line":127,"column":4},"end":{"line":131,"column":12}},"type":"if","locations":[{"start":{"line":127,"column":4},"end":{"line":131,"column":12}},{"start":{"line":127,"column":4},"end":{"line":131,"column":12}}]},"10":{"loc":{"start":{"line":128,"column":7},"end":{"line":128,"column":22}},"type":"binary-expr","locations":[{"start":{"line":128,"column":7},"end":{"line":128,"column":22}},{"start":{"line":128,"column":26},"end":{"line":128,"column":74}},{"start":{"line":129,"column":7},"end":{"line":129,"column":22}},{"start":{"line":129,"column":26},"end":{"line":129,"column":74}}]},"11":{"loc":{"start":{"line":136,"column":6},"end":{"line":137,"column":14}},"type":"if","locations":[{"start":{"line":136,"column":6},"end":{"line":137,"column":14}},{"start":{"line":136,"column":6},"end":{"line":137,"column":14}}]},"12":{"loc":{"start":{"line":141,"column":6},"end":{"line":166,"column":7}},"type":"if","locations":[{"start":{"line":141,"column":6},"end":{"line":166,"column":7}},{"start":{"line":141,"column":6},"end":{"line":166,"column":7}}]},"13":{"loc":{"start":{"line":143,"column":8},"end":{"line":1
[...]
{"line":88,"column":3}}},"1":{"name":"(anonymous_6)","decl":{"start":{"line":7,"column":21},"end":{"line":7,"column":21}},"loc":{"start":{"line":7,"column":34},"end":{"line":88,"column":3}}},"2":{"name":"(anonymous_7)","decl":{"start":{"line":12,"column":6},"end":{"line":12,"column":6}},"loc":{"start":{"line":12,"column":15},"end":{"line":29,"column":5}}},"3":{"name":"(anonymous_8)","decl":{"start":{"line":32,"column":6},"end":{"line":32,"column":6}},"loc":{"start":{"line":32,"column":15},"end":{"line":46,"column":5}}},"4":{"name":"(anonymous_9)","decl":{"start":{"line":49,"column":47},"end":{"line":null,"column":-1}},"loc":{"start":{"line":49,"column":47},"end":{"line":50,"column":47}}},"5":{"name":"(anonymous_10)","decl":{"start":{"line":52,"column":50},"end":{"line":52,"column":50}},"loc":{"start":{"line":52,"column":55},"end":{"line":56,"column":7}}},"6":{"name":"(anonymous_11)","decl":{"start":{"line":54,"column":8},"end":{"line":54,"column":8}},"loc":{"start":{"line":54,"column":27},"end":{"line":55,"column":66}}},"7":{"name":"(anonymous_12)","decl":{"start":{"line":58,"column":48},"end":{"line":58,"column":48}},"loc":{"start":{"line":58,"column":57},"end":{"line":59,"column":65}}},"8":{"name":"(anonymous_13)","decl":{"start":{"line":59,"column":21},"end":{"line":59,"column":20}},"loc":{"start":{"line":59,"column":29},"end":{"line":59,"column":64}}},"9":{"name":"(anonymous_14)","decl":{"start":{"line":62,"column":46},"end":{"line":62,"column":46}},"loc":{"start":{"line":62,"column":55},"end":{"line":63,"column":45}}},"10":{"name":"(anonymous_15)","decl":{"start":{"line":65,"column":49},"end":{"line":65,"column":49}},"loc":{"start":{"line":65,"column":58},"end":{"line":66,"column":48}}},"11":{"name":"(anonymous_16)","decl":{"start":{"line":68,"column":52},"end":{"line":68,"column":52}},"loc":{"start":{"line":68,"column":61},"end":{"line":69,"column":51}}},"12":{"name":"(anonymous_17)","decl":{"start":{"line":71,"column":52},"end":{"line":71,"column":52}},"loc":{"start":{"line":71,"column":61},"end":{"line":72,"column":51}}},"13":{"name":"(anonymous_18)","decl":{"start":{"line":74,"column":77},"end":{"line":74,"column":77}},"loc":{"start":{"line":74,"column":86},"end":{"line":75,"column":77}}}},"branchMap":{"0":{"loc":{"start":{"line":7,"column":22},"end":{"line":7,"column":34}},"type":"if","locations":[{"start":{"line":7,"column":22},"end":{"line":7,"column":34}},{"start":{"line":7,"column":22},"end":{"line":7,"column":34}}]},"1":{"loc":{"start":{"line":13,"column":6},"end":{"line":14,"column":23}},"type":"if","locations":[{"start":{"line":13,"column":6},"end":{"line":14,"column":23}},{"start":{"line":13,"column":6},"end":{"line":14,"column":23}}]},"2":{"loc":{"start":{"line":16,"column":6},"end":{"line":26,"column":7}},"type":"if","locations":[{"start":{"line":16,"column":6},"end":{"line":26,"column":7}},{"start":{"line":16,"column":6},"end":{"line":26,"column":7}}]},"3":{"loc":{"start":{"line":16,"column":10},"end":{"line":16,"column":18}},"type":"binary-expr","locations":[{"start":{"line":16,"column":10},"end":{"line":16,"column":18}},{"start":{"line":16,"column":22},"end":{"line":16,"column":47}}]},"4":{"loc":{"start":{"line":17,"column":8},"end":{"line":25,"column":9}},"type":"if","locations":[{"start":{"line":17,"column":8},"end":{"line":25,"column":9}},{"start":{"line":17,"column":8},"end":{"line":25,"column":9}}]},"5":{"loc":{"start":{"line":21,"column":10},"end":{"line":22,"column":35}},"type":"if","locations":[{"start":{"line":21,"column":10},"end":{"line":22,"column":35}},{"start":{"line":21,"column":10},"end":{"line":22,"column":35}}]},"6":{"loc":{"start":{"line":33,"column":6},"end":{"line":34,"column":23}},"type":"if","locations":[{"start":{"line":33,"column":6},"end":{"line":34,"column":23}},{"start":{"line":33,"column":6},"end":{"line":34,"column":23}}]},"7":{"loc":{"start":{"line":36,"column":52},"end":{"line":36,"column":71}},"type":"cond-expr","locations":[{"start":{"line":36,"column":52},"end":{"line":36,"column":71}},{"start":{"line":36,"column":74},"end":{"line":36,"column":82}}]},"8":{"loc":{"start":{"line":38,"column":62},"end":{"line":38,"column":70}},"type":"cond-expr","locations":[{"start":{"line":38,"column":62},"end":{"line":38,"column":70}},{"start":{"line":38,"column":76},"end":{"line":38,"column":87}}]},"9":{"loc":{"start":{"line":39,"column":59},"end":{"line":39,"column":73}},"type":"cond-expr","locations":[{"start":{"line":39,"column":59},"end":{"line":39,"column":73}},{"start":{"line":39,"column":76},"end":{"line":39,"column":81}}]}},"s":{"0":3,"1":3,"2":3,"3":27,"4":27,"5":27,"6":27,"7":27,"8":39,"9":0,"10":39,"11":39,"12":27,"13":27,"14":27,"15":0,"16":12,"17":39,"18":27,"19":33,"20":0,"21":33,"22":33,"23":33,"24":33,"25":33,"26":33,"27":27,"28":12,"29":27,"30":0,"31":0,"32":27,"33":12,"34":18,"35":27,"36":9,"37":27,"38":9,"39":27,"40":3,"41":27,"42":3,"43":27,"44":9,"45":0,"46":9,"47":27,"48":3},"f":{"0":27,"1":27,"2":39,"3":33,"4":12,"5":0,"6":0,"7":12,"8":18,"9":9,"10":9,"11":3,"12":3,"13":9},"b":{"0":[0,27],"1":[0,39],"2":[39,0],"3":[39,39],"4":[27,12],"5":[0,27],"6":[0,33],"7":[18,15],"8":[0,33],"9":[33,0]}}
,"D:\\Projects\\history\\src\\useBeforeUnload.ts": {"path":"D:\\Projects\\history\\src\\useBeforeUnload.ts","statementMap":{"0":{"start":{"line":8,"column":0},"end":{"line":79,"column":-1}},"1":{"start":{"line":8,"column":0},"end":{"line":8,"column":32}},"2":{"start":{"line":9,"column":0},"end":{"line":9,"column":65}},"3":{"start":{"line":10,"column":0},"end":{"line":10,"column":49}},"4":{"start":{"line":14,"column":2},"end":{"line":30,"column":1}},"5":{"start":{"line":15,"column":56},"end":{"line":24,"column":3}},"6":{"start":{"line":16,"column":29},"end":{"line":16,"column":47}},"7":{"start":{"line":18,"column":4},"end":{"line":21,"column":5}},"8":{"start":{"line":19,"column":6},"end":{"line":19,"column":51}},"9":{"start":{"line":20,"column":6},"end":{"line":20,"column":20}},"10":{"start":{"line":23,"column":4},"end":{"line":23,"column":20}},"11":{"start":{"line":26,"column":2},"end":{"line":26,"column":62}},"12":{"start":{"line":28,"column":2},"end":{"line":29,"column":67}},"13":{"start":{"line":29,"column":4},"end":{"line":29,"column":67}},"14":{"start":{"line":37,"column":98},"end":{"line":76,"column":1}},"15":{"start":{"line":38,"column":2},"end":{"line":41,"column":3}},"16":{"start":{"line":43,"column":2},"end":{"line":75,"column":3}},"17":{"start":{"line":44,"column":35},"end":{"line":44,"column":57}},"18":{"start":{"line":46,"column":32},"end":{"line":46,"column":34}},"19":{"start":{"line":49,"column":29},"end":{"line":55,"column":5}},"20":{"start":{"line":51,"column":6},"end":{"line":52,"column":41}},"21":{"start":{"line":52,"column":8},"end":{"line":52,"column":41}},"22":{"start":{"line":54,"column":6},"end":{"line":54,"column":20}},"23":{"start":{"line":57,"column":31},"end":{"line":69,"column":5}},"24":{"start":{"line":58,"column":6},"end":{"line":59,"column":54}},"25":{"start":{"line":59,"column":8},"end":{"line":59,"column":54}},"26":{"start":{"line":61,"column":6},"end":{"line":68,"column":7}},"27":{"start":{"line":62,"column":8},"end":{"line":62,"column":63}},"28":{"start":{"line":62,"column":45},"end":{"line":62,"column":62}},"29":{"start":{"line":64,"column":8},"end":{"line":67,"column":9}},"30":{"start":{"line":65,"column":10},"end":{"line":65,"column":24}},"31":{"start":{"line":66,"column":10},"end":{"line":66,"column":29}},"32":{"start":{"line":71,"column":4},"end":{"line":74,"column":5}},"33":{"start":{"line":78,"column":0},"end":{"line":78,"column":30}}},"fnMap":{"0":{"name":"(anonymous_3)","decl":{"start":{"line":14,"column":2},"end":{"line":14,"column":2}},"loc":{"start":{"line":14,"column":19},"end":{"line":30,"column":1}}},"1":{"name":"(anonymous_4)","decl":{"start":{"line":15,"column":56},"end":{"line":15,"column":56}},"loc":{"start":{"line":15,"column":62},"end":{"line":24,"column":3}}},"2":{"name":"(anonymous_5)","decl":{"start":{"line":28,"column":9},"end":{"line":null,"column":-1}},"loc":{"start":{"line":28,"column":9},"end":{"line":29,"column":67}}},"3":{"name":"(anonymous_6)","decl":{"start":{"line":37,"column":98},"end":{"line":37,"column":98}},"loc":{"start":{"line":37,"column":112},"end":{"line":76,"column":1}}},"4":{"name":"(anonymous_7)","decl":{"start":{"line":43,"column":9},"end":{"line":43,"column":9}},"loc":{"start":{"line":43,"column":33},"end":{"line":75,"column":3}}},"5":{"name":"(anonymous_8)","decl":{"start":{"line":49,"column":29},"end":{"line":null,"column":-1}},"loc":{"start":{"line":49,"column":29},"end":{"line":55,"column":5}}},"6":{"name":"(anonymous_9)","decl":{"start":{"line":57,"column":31},"end":{"line":57,"column":31}},"loc":{"start":{"line":57,"column":40},"end":{"line":69,"column":5}}},"7":{"name":"(anonymous_10)","decl":{"start":{"line":61,"column":13},"end":{"line":null,"column":-1}},"loc":{"start":{"line":61,"column":13},"end":{"line":68,"column":7}}},"8":{"name":"(anonymous_11)","decl":{"start":{"line":62,"column":37},"end":{"line":62,"column":36}},"loc":{"start":{"line":62,"column":41},"end":{"line":62,"column":62}}}},"branchMap":{"0":{"loc":{"start":{"line":18,"column":4},"end":{"line":21,"column":5}},"type":"if","locations":[{"start":{"line":18,"column":4},"end":{"line":21,"column":5}},{"start":{"line":18,"column":4},"end":{"line":21,"column":5}}]},"1":{"loc":{"start":{"line":19,"column":7},"end":{"line":19,"column":12}},"type":"binary-expr","locations":[{"start":{"line":19,"column":7},"end":{"line":19,"column":12}},{"start":{"line":19,"column":16},"end":{"line":19,"column":28}}]},"2":{"loc":{"start":{"line":51,"column":46},"end":{"line":51,"column":61}},"type":"binary-expr","locations":[{"start":{"line":51,"column":46},"end":{"line":51,"column":61}},{"start":{"line":51,"column":65},"end":{"line":51,"column":72}}]},"3":{"loc":{"start":{"line":58,"column":6},"end":{"line":59,"column":54}},"type":"if","locations":[{"start":{"line":58,"column":6},"end":{"line":59,"column":54}},{"start":{"line":58,"column":6},"end":{"line":59,"column":54}}]},"4":{"loc":{"start":{"line":64,"column":8},"end":{"line":67,"column":9}},"type":"if","locations":[{"start":{"line":64,"column":8},"end":{"line":67,"column":9}},{"start":{"line":64,"column":8},"end":{"line":67,"column":9}}]},"5":{"loc":{"start":{"line":64,"column":12},"end":{"line":64,"column":34}},"type":"binary-expr","locations":[{"start":{"line":64,"column":12},"end":{"line":64,"column":34}},{"start":{"line":64,"column":38},"end":{"line":64,"column":50}}]}},"s":{"0":0,"1":0,"2":0,"3":0,"4":0,"5":0,"6":0,"7":0,"8":0,"9":0,"10":0,"11":0,"12":0,"13":0,"14":0,"15":0,"16":0,"17":0,"18":0,"19":0,"20":0,"21":0,"22":0,"23":0,"24":0,"25":0,"26":0,"27":0,"28":0,"29":0,"30":0,"31":0,"32":0,"33":0},"f":{"0":0,"1":0,"2":0,"3":0,"4":0,"5":0,"6":0,"7":0,"8":0},"b":{"0":[0,0],"1":[0,0],"2":[0,0],"3":[0,0],"4":[0,0],"5":[0,0]}}
,"D:\\Projects\\history\\src\\useQueries.ts": {"path":"D:\\Projects\\history\\src\\useQueries.ts","statementMap":{"0":{"start":{"line":1,"column":0},"end":{"line":1,"column":46}},"1":{"start":{"line":2,"column":0},"end":{"line":2,"column":50}},"2":{"start":{"line":3,"column":0},"end":{"line":3,"column":44}},"3":{"start":{"line":4,"column":0},"end":{"line":4,"column":38}},"4":{"start":{"line":8,"column":57},"end":{"line":9,"column":39}},"5":{"start":{"line":9,"column":2},"end":{"line":9,"column":39}},"6":{"start":{"line":11,"column":42},"end":{"line":11,"column":47}},"7":{"start":{"line":18,"column":2},"end":{"line":102,"column":3}},"8":{"start":{"line":19,"column":2},"end":{"line":102,"column":3}},"9":{"start":{"line":19,"column":3},"end":{"line":19,"column":15}},"10":{"start":{"line":20,"column":35},"end":{"line":20,"column":57}},"11":{"start":{"line":21,"column":10},"end":{"line":21,"column":24}},"12":{"start":{"line":21,"column":26},"end":{"line":21,"column":42}},"13":{"start":{"line":23,"column":4},"end":{"line":24,"column":44}},"14":{"start":{"line":24,"column":6},"end":{"line":24,"column":44}},"15":{"start":{"line":26,"column":4},"end":{"line":27,"column":48}},"16":{"start":{"line":27,"column":6},"end":{"line":27,"column":48}},"17":{"start":{"line":30,"column":6},"end":{"line":38,"column":5}},"18":{"start":{"line":31,"column":6},"end":{"line":32,"column":23}},"19":{"start":{"line":32,"column":8},"end":{"line":32,"column":23}},"20":{"start":{"line":34,"column":6},"end":{"line":35,"column":71}},"21":{"start":{"line":35,"column":8},"end":{"line":35,"column":71}},"22":{"start":{"line":37,"column":6},"end":{"line":37,"column":21}},"23":{"start":{"line":41,"column":6},"end":{"line":53,"column":5}},"24":{"start":{"line":42,"column":6},"end":{"line":43,"column":23}},"25":{"start":{"line":43,"column":8},"end":{"line":43,"column":23}},"26":{"start":{"line":45,"column":31},"end":{"line":45,"column":92}},"27":{"start":{"line":46,"column":34},"end":{"line":46,"column":55}},"28":{"start":{"line":47,"column":29},"end":{"line":47,"column":65}},"29":{"start":{"line":49,"column":6},"end":{"line":52,"column":7}},"30":{"start":{"line":56,"column":47},"end":{"line":57,"column":47}},"31":{"start":{"line":57,"column":6},"end":{"line":57,"column":47}},"32":{"start":{"line":59,"column":50},"end":{"line":63,"column":7}},"33":{"start":{"line":60,"column":6},"end":{"line":63,"column":7}},"34":{"start":{"line":62,"column":10},"end":{"line":62,"column":66}},"35":{"start":{"line":65,"column":44},"end":{"line":66,"column":65}},"36":{"start":{"line":66,"column":6},"end":{"line":66,"column":65}},"37":{"start":{"line":66,"column":33},"end":{"line":66,"column":64}},"38":{"start":{"line":69,"column":46},"end":{"line":70,"column":57}},"39":{"start":{"line":70,"column":6},"end":{"line":70,"column":57}},"40":{"start":{"line":72,"column":49},"end":{"line":73,"column":60}},"41":{"start":{"line":73,"column":6},"end":{"line":73,"column":60}},"42":{"start":{"line":75,"column":52},"end":{"line":76,"column":63}},"43":{"start":{"line":76,"column":6},"end":{"line":76,"column":63}},"44":{"start":{"line":78,"column":52},"end":{"line":79,"column":63}},"45":{"start":{"line":79,"column":6},"end":{"line":79,"column":63}},"46":{"start":{"line":81,"column":77},"end":{"line":89,"column":5}},"47":{"start":{"line":81,"column":88},"end":{"line":81,"column":94}},"48":{"start":{"line":81,"column":88},"end":{"line":81,"column":95}},"49":{"start":{"line":83,"column":8},"end":{"line":83,"column":78}},"50":{"start":{"line":85,"column":6},"end":{"line":86,"column":55}},"51":{"start":{"line":86,"column":8},"end":{"line":86,"column":55}},"52":{"start":{"line":88,"column":6},"end":{"line":88,"column":37}},"53":{"start":{"line":91,"column":4},"end":{"line":101,"column":5}},"54":{"start":{"line":104,"column":0},"end":{"line":104,"column":25}}},"fnMap":{"0":{"name":"(anonymous_5)","decl":{"start":{"line":8,"column":57},"end":{"line":8,"column":57}},"loc":{"start":{"line":8,"column":63},"end":{"line":9,"column":39}}},"1":{"name":"(anonymous_6)","decl":{"start":{"line":18,"column":2},"end":{"line":18,"column":2}},"loc":{"start":{"line":18,"column":16},"end":{"line":102,"column":3}}},"2":{"name":"(anonymous_7)","decl":{"start":{"line":19,"column":2},"end":{"line":19,"column":2}},"loc":{"start":{"line":19,"column":15},"end":{"line":102,"column":3}}},"3":{"name":"(anonymous_8)","decl":{"start":{"line":30,"column":6},"end":{"line":30,"column":6}},"loc":{"start":{"line":30,"column":15},"end":{"line":38,"column":5}}},"4":{"name":"(anonymous_9)","decl":{"start":{"line":41,"column":6},"end":{"line":41,"column":6}},"loc":{"start":{"line":41,"column":22},"end":{"line":53,"column":5}}},"5":{"name":"(anonymous_10)","decl":{"start":{"line":56,"column":47},"end":{"line":null,"column":-1}},"loc":{"start":{"line":56,"column":47},"end":{"line":57,"column":47}}},"6":{"name":"(anonymous_11)","decl":{"start":{"line":59,"column":50},"end":{"line":59,"column":50}},"loc":{"start":{"line":59,"column":55},"end":{"line":63,"column":7}}},"7":{"name":"(anonymous_12)","decl":{"start":{"line":61,"column":8},"end":{"line":61,"column":8}},"loc":{"start":{"line":61,"column":27},"end":{"line":62,"column":66}}},"8":{"name":"(anonymous_13)","decl":{"start":{"line":65,"column":44},"end":{"line":65,"column":44}},"loc":{"start":{"line":65,"column":53},"end":{"line":66,"column":65}}},"9":{"name":"(anonymous_14)","decl":{"start":{"line":66,"column":21},"end":{"line":66,"column":20}},"loc":{"start":{"line":66,"column":29},"end":{"line":66,"column":64}}},"10":{"name":"(anonymous_15)","decl":{"start":{"line":69,"column":46},"end":{"line":69,"column":46}},"loc":{"start":{"line":69,"column":55},"end":{"line":70,"column":57}}},"11":{"name":"(anonymous_16)","decl":{"start":{"line":72,"column":49},"end":{"line":72,"column":49}},"loc":{"start":{"line":72,"column":58},"end":{"line":73,"column":60}}},"12":{"name":"(anonymous_17)","decl":{"start":{"line":75,"column":52},"end":{"line":75,"column":52}},"loc":{"start":{"line":75,"column":61},"end":{"line":76,"column":63}}},"13":{"name":"(anonymous_18)","decl":{"start":{"line":78,"column":52},"end":{"line":78,"column":52}},"loc":{"start":{"line":78,"column":61},"end":{"line":79,"column":63}}},"14":{"name":"(anonymous_19)","decl":{"start":{"line":81,"column":77},"end":{"line":81,"column":77}},"loc":{"start":{"line":81,"column":86},"end":{"line":89,"column":5}}}},"branchMap":{"0":{"loc":{"start":{"line":19,"column":3},"end":{"line":19,"column":15}},"type":"if","locations":[{"start":{"line":19,"column":3},"end":{"line":19,"column":15}},{"start":{"line":19,"column":3},"end":{"line":19,"column":15}}]},"1":{"loc":{"start":{"line":23,"column":4},"end":{"line":24,"column":44}},"type":"if","locations":[{"start":{"line":23,"column":4},"end":{"line":24,"column":44}},{"start":{"line":23,"column":4},"end":{"line":24,"column":44}}]},"2":{"loc":{"start":{"line":26,"column":4},"end":{"line":27,"column":48}},"type":"if","locations":[{"start":{"line":26,"column":4},"end":{"line":27,"column":48}},{"start":{"line":26,"column":4},"end":{"line":27,"column":48}}]},"3":{"loc":{"start":{"line":31,"column":6},"end":{"line":32,"column":23}},"type":"if","locations":[{"start":{"line":31,"column":6},"end":{"line":32,"column":23}},{"start":{"line":31,"column":6},"end":{"line":32,"column":23}}]},"4":{"loc":{"start":{"line":34,"column":6},"end":{"line":35,"column":71}},"type":"if","locations":[{"start":{"line":34,"column":6},"end":{"line":35,"column":71}},{"start":{"line":34,"column":6},"end":{"line":35,"column":71}}]},"5":{"loc":{"start":{"line":42,"column":6},"end":{"line":43,"column":23}},"type":"if","locations":[{"start":{"line":42,"column":6},"end":{"line":43,"column":23}},{"start":{"line":42,"column":6},"end":{"line":43,"column":23}}]},"6":{"loc":{"start":{"line":45,"column":62},"end":{"line":45,"column":81}},"type":"cond-expr","locations":[{"start":{"line":45,"column":62},"end":{"line":45,"column":81}},{"start":{"line":45,"column":84},"end":{"line":45,"column":92}}]},"7":{"loc":{"start":{"line":47,"column":43},"end":{"line":47,"column":60}},"type":"cond-expr","locations":[{"start":{"line":47,"column":43},"end":{"line":47,"column":60}},{"start":{"line":47,"column":63},"end":{"line":47,"column":65}}]},"8":{"loc":{"start":{"line":85,"column":6},"end":{"line":86,"column":55}},"type":"if","locations":[{"start":{"line":85,"column":6},"end":{"line":86,"column":55}},{"start":{"line":85,"column":6},"end":{"line":86,"column":55}}]}},"s":{"0":3,"1":3,"2":3,"3":3,"4":3,"5":36,"6":3,"7":3,"8":54,"9":87,"10":54,"11":54,"12":54,"13":54,"14":33,"15":54,"16":33,"17":54,"18":45,"19":0,"20":45,"21":39,"22":45,"23":54,"24":63,"25":6,"26":57,"27":57,"28":57,"29":57,"30":54,"31":12,"32":54,"33":0,"34":0,"35":54,"36":12,"37":21,"38":54,"39":12,"40":54,"41":9,"42":54,"43":24,"44":54,"45":6,"46":54,"47":12,"48":0,"49":12,"50":12,"51":6,"52":12,"53":54,"54":3},"f":{"0":36,"1":54,"2":54,"3":45,"4":63,"5":12,"6":0,"7":0,"8":12,"9":21,"10":12,"11":9,"12":24,"13":6,"14":12},"b":{"0":[33,21],"1":[33,21],"2":[33,21],"3":[0,45],"4":[39,6],"5":[6,57],"6":[0,57],"7":[51,6],"8":[6,6]}}
}
