TN:
SF:D:\Projects\history\src\Actions.ts
FN:8,(anonymous_0)
FNF:1
FNH:1
FNDA:4,(anonymous_0)
DA:8,4
DA:12,4
DA:16,4
DA:25,4
DA:27,4
DA:29,4
DA:31,4
DA:33,4
LF:8
LH:8
BRDA:8,0,0,4
BRDA:8,0,1,4
BRF:2
BRH:2
end_of_record
TN:
SF:D:\Projects\history\src\AsyncUtils.ts
FN:16,(anonymous_2)
FN:23,(anonymous_3)
FN:35,(anonymous_4)
FNF:3
FNH:3
FNDA:141,(anonymous_2)
FNDA:10,(anonymous_3)
FNDA:150,(anonymous_4)
DA:15,4
DA:17,141
DA:18,141
DA:19,141
DA:20,141
DA:23,141
DA:24,10
DA:26,10
DA:28,10
DA:29,10
DA:32,0
DA:35,141
DA:36,150
DA:37,0
DA:39,150
DA:41,150
DA:42,5
DA:44,145
DA:46,145
DA:47,19
DA:48,19
DA:51,145
DA:53,145
DA:55,10
DA:56,10
DA:59,135
DA:60,131
DA:61,131
DA:65,141
LF:29
LH:27
BRDA:26,0,0,10
BRDA:26,0,1,0
BRDA:36,1,0,0
BRDA:36,1,1,150
BRDA:41,2,0,5
BRDA:41,2,1,145
BRDA:46,3,0,164
BRDA:46,3,1,154
BRDA:46,3,2,19
BRDA:53,4,0,10
BRDA:53,4,1,135
BRDA:59,5,0,131
BRDA:59,5,1,4
BRDA:59,6,0,135
BRDA:59,6,1,135
BRF:15
BRH:13
end_of_record
TN:
SF:D:\Projects\history\src\BrowserProtocol.ts
FN:16,(anonymous_0)
FN:28,(anonymous_1)
FN:42,(anonymous_2)
FN:45,(anonymous_3)
FN:48,(anonymous_4)
FN:49,(anonymous_5)
FN:56,(anonymous_6)
FN:61,(anonymous_7)
FN:71,(anonymous_8)
FN:72,(anonymous_9)
FN:77,(anonymous_10)
FN:78,(anonymous_11)
FN:83,(anonymous_12)
FNF:13
FNH:12
FNDA:31,(anonymous_0)
FNDA:24,(anonymous_1)
FNDA:0,(anonymous_2)
FNDA:7,(anonymous_3)
FNDA:30,(anonymous_4)
FNDA:7,(anonymous_5)
FNDA:30,(anonymous_6)
FNDA:36,(anonymous_7)
FNDA:26,(anonymous_8)
FNDA:26,(anonymous_9)
FNDA:10,(anonymous_10)
FNDA:10,(anonymous_11)
FNDA:17,(anonymous_12)
DA:8,2
DA:9,2
DA:10,2
DA:11,2
DA:13,2
DA:16,2
DA:17,31
DA:19,31
DA:27,2
DA:30,24
DA:31,24
DA:35,0
DA:38,24
DA:41,2
DA:42,0
DA:45,7
DA:47,2
DA:49,30
DA:50,7
DA:51,7
DA:54,30
DA:56,30
DA:57,30
DA:61,2
DA:62,36
DA:64,36
DA:65,26
DA:67,36
DA:70,2
DA:72,26
DA:73,26
DA:76,2
DA:78,10
DA:79,10
DA:82,2
DA:84,17
DA:85,17
LF:37
LH:35
BRDA:17,0,0,31
BRDA:17,0,1,28
BRDA:23,1,0,5
BRDA:23,1,1,26
BRDA:31,2,0,24
BRDA:31,2,1,23
BRDA:45,3,0,7
BRDA:45,3,1,0
BRDA:50,4,0,0
BRDA:50,4,1,7
BRDA:64,5,0,26
BRDA:64,5,1,10
BRDA:84,6,0,17
BRDA:84,6,1,0
BRF:14
BRH:11
end_of_record
TN:
SF:D:\Projects\history\src\DOMStateStorage.ts
FN:20,(anonymous_1)
FN:24,(anonymous_2)
FN:69,(anonymous_3)
FNF:3
FNH:3
FNDA:87,(anonymous_1)
FNDA:57,(anonymous_2)
FNDA:30,(anonymous_3)
DA:7,3
DA:9,3
DA:14,3
DA:18,3
DA:20,3
DA:21,87
DA:23,3
DA:25,57
DA:28,0
DA:33,0
DA:36,57
DA:37,57
DA:38,3
DA:40,54
DA:43,0
DA:46,0
DA:51,0
DA:54,0
DA:56,0
DA:61,0
DA:64,0
DA:68,3
DA:71,30
DA:72,30
DA:74,0
DA:77,0
DA:82,0
DA:86,30
DA:87,25
DA:88,25
DA:94,5
LF:31
LH:19
BRDA:25,0,0,0
BRDA:25,0,1,57
BRDA:37,1,0,3
BRDA:37,1,1,54
BRDA:43,2,0,0
BRDA:43,2,1,0
BRDA:54,3,0,0
BRDA:54,3,1,0
BRDA:54,4,0,0
BRDA:54,4,1,0
BRDA:74,5,0,0
BRDA:74,5,1,0
BRDA:86,6,0,25
BRDA:86,6,1,5
BRF:14
BRH:5
end_of_record
TN:
SF:D:\Projects\history\src\DOMUtils.ts
FN:2,(anonymous_0)
FN:9,(anonymous_1)
FN:22,(anonymous_2)
FN:38,(anonymous_3)
FNF:4
FNH:4
FNDA:61,(anonymous_0)
FNDA:61,(anonymous_1)
FNDA:100,(anonymous_2)
FNDA:108,(anonymous_3)
DA:1,2
DA:3,61
DA:8,2
DA:10,61
DA:22,2
DA:23,100
DA:25,100
DA:30,0
DA:32,100
DA:38,2
DA:39,108
LF:11
LH:10
BRDA:4,0,0,61
BRDA:4,0,1,0
BRDA:11,1,0,61
BRDA:11,1,1,0
BRDA:25,2,0,0
BRDA:25,2,1,100
BRDA:25,3,0,100
BRDA:25,3,1,100
BRDA:25,3,2,0
BRDA:25,3,3,0
BRDA:25,3,4,0
BRDA:32,4,0,100
BRDA:32,4,1,100
BRF:13
BRH:7
end_of_record
TN:
SF:D:\Projects\history\src\ExecutionEnvironment.ts
FNF:0
FNH:0
DA:1,2
LF:1
LH:1
BRDA:2,0,0,2
BRDA:2,0,1,2
BRDA:2,0,2,2
BRF:3
BRH:3
end_of_record
TN:
SF:D:\Projects\history\src\HashProtocol.ts
FN:32,(anonymous_1)
FN:40,(anonymous_2)
FN:43,(anonymous_3)
FN:52,(anonymous_4)
FN:71,(anonymous_5)
FN:73,(anonymous_6)
FN:117,(anonymous_7)
FN:122,(anonymous_8)
FN:138,(anonymous_9)
FN:139,(anonymous_10)
FN:148,(anonymous_11)
FN:149,(anonymous_12)
FNF:12
FNH:12
FNDA:297,(anonymous_1)
FNDA:24,(anonymous_2)
FNDA:40,(anonymous_3)
FNDA:128,(anonymous_4)
FNDA:31,(anonymous_5)
FNDA:104,(anonymous_6)
FNDA:31,(anonymous_7)
FNDA:34,(anonymous_8)
FNDA:24,(anonymous_9)
FNDA:24,(anonymous_10)
FNDA:10,(anonymous_11)
FNDA:10,(anonymous_12)
DA:8,1
DA:9,1
DA:10,1
DA:11,1
DA:12,1
DA:20,1
DA:26,1
DA:27,1
DA:29,1
DA:32,1
DA:35,297
DA:36,297
DA:37,297
DA:40,1
DA:41,24
DA:43,1
DA:44,40
DA:46,40
DA:51,1
DA:53,128
DA:54,128
DA:57,128
DA:58,21
DA:59,21
DA:62,128
DA:63,128
DA:65,128
DA:70,1
DA:73,31
DA:74,104
DA:75,104
DA:77,104
DA:79,1
DA:81,103
DA:84,103
DA:85,103
DA:86,15
DA:89,88
DA:90,88
DA:93,88
DA:94,0
DA:97,88
DA:98,74
DA:102,14
DA:104,14
DA:109,31
DA:110,31
DA:112,31
DA:113,29
DA:115,31
DA:117,31
DA:118,31
DA:122,1
DA:123,34
DA:125,34
DA:127,34
DA:128,28
DA:129,28
DA:132,34
DA:134,34
DA:137,1
DA:139,24
DA:140,24
DA:141,24
DA:143,0
DA:147,1
DA:149,10
DA:150,10
DA:151,10
LF:69
LH:67
BRDA:37,0,0,36
BRDA:37,0,1,261
BRDA:47,1,0,10
BRDA:47,1,1,30
BRDA:57,2,0,21
BRDA:57,2,1,107
BRDA:77,3,0,1
BRDA:77,3,1,103
BRDA:84,4,0,103
BRDA:84,4,1,0
BRDA:85,5,0,15
BRDA:85,5,1,88
BRDA:85,6,0,103
BRDA:85,6,1,21
BRDA:93,7,0,0
BRDA:93,7,1,88
BRDA:97,8,0,74
BRDA:97,8,1,14
BRDA:112,9,0,29
BRDA:112,9,1,2
BRDA:127,10,0,28
BRDA:127,10,1,6
BRDA:140,11,0,24
BRDA:140,11,1,0
BRDA:150,12,0,10
BRDA:150,12,1,0
BRF:26
BRH:22
end_of_record
TN:
SF:D:\Projects\history\src\LocationUtils.ts
FN:23,(anonymous_1)
FN:27,(anonymous_2)
FN:45,(anonymous_3)
FN:49,(anonymous_4)
FN:75,(anonymous_5)
FN:80,(anonymous_6)
FN:89,(anonymous_7)
FNF:7
FNH:6
FNDA:39,(anonymous_1)
FNDA:423,(anonymous_2)
FNDA:6,(anonymous_3)
FNDA:13,(anonymous_4)
FNDA:6,(anonymous_5)
FNDA:0,(anonymous_6)
FNDA:60,(anonymous_7)
DA:8,4
DA:9,4
DA:10,4
DA:23,4
DA:24,39
DA:26,4
DA:27,733
DA:28,423
DA:30,423
DA:31,423
DA:32,423
DA:33,423
DA:35,423
DA:45,4
DA:46,6
DA:48,4
DA:50,13
DA:51,4
DA:53,9
DA:54,9
DA:56,9
DA:57,3
DA:59,6
DA:65,6
DA:66,6
DA:71,6
DA:72,6
DA:73,6
DA:74,6
DA:75,6
DA:78,0
DA:80,0
DA:85,0
DA:88,4
DA:90,60
LF:35
LH:32
BRDA:27,0,0,4
BRDA:27,0,1,419
BRDA:27,1,0,310
BRDA:27,1,1,113
BRDA:27,2,0,146
BRDA:27,2,1,277
BRDA:28,3,0,124
BRDA:28,3,1,299
BRDA:30,4,0,423
BRDA:30,4,1,0
BRDA:31,5,0,423
BRDA:31,5,1,313
BRDA:32,6,0,423
BRDA:32,6,1,417
BRDA:50,7,0,4
BRDA:50,7,1,9
BRDA:56,8,0,3
BRDA:56,8,1,6
BRDA:65,9,0,6
BRDA:65,9,1,0
BRDA:67,10,0,6
BRDA:67,10,1,0
BRDA:71,11,0,6
BRDA:71,11,1,0
BRDA:74,12,0,6
BRDA:74,12,1,6
BRDA:78,13,0,0
BRDA:78,13,1,0
BRDA:78,13,2,0
BRDA:90,14,0,60
BRDA:90,14,1,1
BRDA:90,14,2,1
BRDA:90,14,3,1
BRDA:90,14,4,1
BRF:34
BRH:27
end_of_record
TN:
SF:D:\Projects\history\src\PathUtils.ts
FN:12,(anonymous_1)
FN:22,(anonymous_2)
FN:29,(anonymous_3)
FN:38,(anonymous_4)
FN:44,(anonymous_5)
FN:53,(anonymous_6)
FN:92,(anonymous_7)
FNF:7
FNH:7
FNDA:32,(anonymous_1)
FNDA:30,(anonymous_2)
FNDA:27,(anonymous_3)
FNDA:130,(anonymous_4)
FNDA:491,(anonymous_5)
FNDA:491,(anonymous_6)
FNDA:360,(anonymous_7)
DA:8,5
DA:11,5
DA:13,32
DA:15,32
DA:22,5
DA:23,30
DA:25,30
DA:29,27
DA:37,5
DA:39,130
DA:40,130
DA:41,130
DA:44,5
DA:45,491
DA:46,491
DA:47,491
DA:49,491
DA:52,5
DA:54,491
DA:55,491
DA:56,491
DA:58,491
DA:64,491
DA:65,491
DA:66,491
DA:68,491
DA:69,9
DA:70,9
DA:73,491
DA:74,491
DA:75,491
DA:77,491
DA:78,114
DA:79,114
DA:82,491
DA:83,4
DA:85,491
DA:92,5
DA:93,360
DA:94,58
DA:96,302
DA:97,302
DA:99,302
DA:100,206
DA:102,302
DA:103,16
DA:105,302
LF:47
LH:47
BRDA:17,0,0,7
BRDA:17,0,1,25
BRDA:30,1,0,3
BRDA:30,1,1,24
BRDA:41,2,0,130
BRDA:41,2,1,22
BRDA:46,3,0,491
BRDA:46,3,1,0
BRDA:49,4,0,490
BRDA:49,4,1,1
BRDA:65,5,0,491
BRDA:65,5,1,0
BRDA:68,6,0,9
BRDA:68,6,1,482
BRDA:74,7,0,491
BRDA:74,7,1,0
BRDA:77,8,0,114
BRDA:77,8,1,377
BRDA:82,9,0,4
BRDA:82,9,1,487
BRDA:93,10,0,58
BRDA:93,10,1,302
BRDA:93,11,0,360
BRDA:93,11,1,306
BRDA:97,12,0,302
BRDA:97,12,1,299
BRDA:99,13,0,206
BRDA:99,13,1,96
BRDA:99,14,0,302
BRDA:99,14,1,208
BRDA:102,15,0,16
BRDA:102,15,1,286
BRF:32
BRH:29
end_of_record
TN:
SF:D:\Projects\history\src\RefreshProtocol.ts
FN:19,(anonymous_0)
FN:23,(anonymous_1)
FN:29,(anonymous_2)
FNF:3
FNH:0
FNDA:0,(anonymous_0)
FNDA:0,(anonymous_1)
FNDA:0,(anonymous_2)
DA:8,1
DA:9,1
DA:10,1
DA:15,1
DA:16,1
DA:18,1
DA:20,0
DA:22,1
DA:24,0
DA:25,0
DA:28,1
DA:30,0
DA:31,0
LF:13
LH:8
BRF:0
BRH:0
end_of_record
TN:
SF:D:\Projects\history\src\createBrowserHistory.ts
FN:19,(anonymous_4)
FN:50,(anonymous_5)
FN:60,(anonymous_6)
FN:68,(anonymous_7)
FN:71,(anonymous_8)
FNF:5
FNH:5
FNDA:97,(anonymous_4)
FNDA:35,(anonymous_5)
FNDA:109,(anonymous_6)
FNDA:7,(anonymous_7)
FNDA:28,(anonymous_8)
DA:1,1
DA:2,1
DA:3,1
DA:4,1
DA:5,1
DA:6,1
DA:19,165
DA:20,97
DA:25,97
DA:27,97
DA:30,97
DA:31,97
DA:32,97
DA:33,97
DA:34,97
DA:37,97
DA:46,97
DA:50,97
DA:51,35
DA:52,30
DA:56,35
DA:60,35
DA:61,109
DA:63,109
DA:64,30
DA:68,97
DA:69,7
DA:71,97
DA:72,28
DA:74,97
DA:81,1
LF:31
LH:31
BRDA:19,0,0,68
BRDA:19,0,1,29
BRDA:25,1,0,97
BRDA:25,1,1,97
BRDA:27,2,0,0
BRDA:27,2,1,97
BRDA:51,3,0,30
BRDA:51,3,1,5
BRDA:57,4,0,7
BRDA:57,4,1,28
BRDA:63,5,0,30
BRDA:63,5,1,79
BRF:12
BRH:11
end_of_record
TN:
SF:D:\Projects\history\src\createHashHistory.ts
FN:28,(anonymous_4)
FN:33,(anonymous_5)
FN:34,(anonymous_6)
FN:37,(anonymous_7)
FN:47,(anonymous_8)
FN:81,(anonymous_9)
FN:84,(anonymous_10)
FN:87,(anonymous_11)
FN:103,(anonymous_12)
FN:115,(anonymous_13)
FN:123,(anonymous_14)
FN:126,(anonymous_15)
FN:132,(anonymous_16)
FN:141,(anonymous_17)
FNF:14
FNH:13
FNDA:286,(anonymous_4)
FNDA:7,(anonymous_5)
FNDA:5,(anonymous_6)
FNDA:6,(anonymous_7)
FNDA:107,(anonymous_8)
FNDA:25,(anonymous_9)
FNDA:24,(anonymous_10)
FNDA:10,(anonymous_11)
FNDA:36,(anonymous_12)
FNDA:112,(anonymous_13)
FNDA:6,(anonymous_14)
FNDA:30,(anonymous_15)
FNDA:0,(anonymous_16)
FNDA:7,(anonymous_17)
DA:7,1
DA:8,1
DA:9,1
DA:10,1
DA:11,1
DA:12,1
DA:26,1
DA:28,1
DA:29,286
DA:31,1
DA:33,7
DA:34,5
DA:37,6
DA:47,178
DA:48,107
DA:53,107
DA:61,107
DA:62,106
DA:64,107
DA:65,101
DA:67,107
DA:68,0
DA:74,0
DA:77,107
DA:79,107
DA:81,107
DA:82,25
DA:84,107
DA:85,24
DA:87,107
DA:88,10
DA:90,107
DA:99,107
DA:103,107
DA:104,36
DA:105,31
DA:111,36
DA:115,36
DA:116,112
DA:118,112
DA:119,31
DA:123,107
DA:124,6
DA:126,107
DA:127,30
DA:129,107
DA:132,107
DA:133,0
DA:138,0
DA:141,107
DA:142,7
DA:144,107
DA:153,1
LF:53
LH:49
BRDA:29,0,0,252
BRDA:29,0,1,34
BRDA:33,1,0,4
BRDA:33,1,1,3
BRDA:34,2,0,5
BRDA:34,2,1,0
BRDA:37,3,0,2
BRDA:37,3,1,4
BRDA:47,4,0,71
BRDA:47,4,1,36
BRDA:61,5,0,106
BRDA:61,5,1,1
BRDA:64,6,0,101
BRDA:64,6,1,6
BRDA:67,7,0,0
BRDA:67,7,1,107
BRDA:104,8,0,31
BRDA:104,8,1,5
BRDA:112,9,0,6
BRDA:112,9,1,30
BRDA:118,10,0,31
BRDA:118,10,1,81
BRF:22
BRH:20
end_of_record
TN:
SF:D:\Projects\history\src\createHistory.ts
FN:50,(anonymous_3)
FN:66,(anonymous_4)
FN:77,(anonymous_5)
FN:87,(anonymous_6)
FN:90,(anonymous_7)
FN:93,(anonymous_8)
FN:94,(anonymous_9)
FN:97,(anonymous_10)
FN:100,(anonymous_11)
FN:101,(anonymous_12)
FN:105,(anonymous_13)
FN:108,(anonymous_14)
FN:109,(anonymous_15)
FN:113,(anonymous_16)
FN:115,(anonymous_17)
FN:123,(anonymous_18)
FN:132,(anonymous_19)
FN:167,(anonymous_20)
FN:170,(anonymous_21)
FN:173,(anonymous_22)
FN:176,(anonymous_23)
FN:179,(anonymous_24)
FN:182,(anonymous_25)
FN:185,(anonymous_26)
FNF:24
FNH:24
FNDA:296,(anonymous_3)
FNDA:133,(anonymous_4)
FNDA:133,(anonymous_5)
FNDA:126,(anonymous_6)
FNDA:18,(anonymous_7)
FNDA:18,(anonymous_8)
FNDA:18,(anonymous_9)
FNDA:85,(anonymous_10)
FNDA:310,(anonymous_11)
FNDA:84,(anonymous_12)
FNDA:141,(anonymous_13)
FNDA:19,(anonymous_14)
FNDA:19,(anonymous_15)
FNDA:141,(anonymous_16)
FNDA:6,(anonymous_17)
FNDA:142,(anonymous_18)
FNDA:141,(anonymous_19)
FNDA:86,(anonymous_20)
FNDA:27,(anonymous_21)
FNDA:15,(anonymous_22)
FNDA:10,(anonymous_23)
FNDA:135,(anonymous_24)
FNDA:13,(anonymous_25)
FNDA:135,(anonymous_26)
DA:1,4
DA:2,4
DA:3,4
DA:4,4
DA:5,4
DA:50,297
DA:52,296
DA:53,296
DA:54,296
DA:55,296
DA:56,296
DA:57,296
DA:62,296
DA:63,296
DA:64,296
DA:66,296
DA:67,133
DA:68,0
DA:70,133
DA:71,57
DA:73,76
DA:77,296
DA:78,133
DA:79,133
DA:81,133
DA:82,76
DA:83,57
DA:84,30
DA:87,133
DA:90,296
DA:91,18
DA:93,18
DA:94,18
DA:97,296
DA:98,85
DA:100,85
DA:101,310
DA:105,296
DA:106,141
DA:109,19
DA:110,19
DA:114,141
DA:115,6
DA:117,135
DA:123,296
DA:124,142
DA:128,1
DA:130,141
DA:132,141
DA:133,141
DA:134,1
DA:136,140
DA:138,140
DA:140,133
DA:141,79
DA:142,79
DA:144,79
DA:145,3
DA:148,133
DA:149,27
DA:150,106
DA:151,76
DA:152,76
DA:153,30
DA:154,30
DA:155,30
DA:157,7
DA:158,1
DA:159,1
DA:161,1
DA:162,1
DA:167,296
DA:168,86
DA:170,296
DA:171,27
DA:173,296
DA:174,15
DA:176,296
DA:177,10
DA:179,296
DA:180,135
DA:182,296
DA:183,13
DA:185,296
DA:186,135
DA:188,296
DA:205,4
LF:87
LH:86
BRDA:50,0,0,1
BRDA:50,0,1,295
BRDA:67,1,0,0
BRDA:67,1,1,133
BRDA:67,2,0,133
BRDA:67,2,1,0
BRDA:70,3,0,57
BRDA:70,3,1,76
BRDA:81,4,0,76
BRDA:81,4,1,57
BRDA:83,5,0,30
BRDA:83,5,1,27
BRDA:110,6,0,10
BRDA:110,6,1,9
BRDA:114,7,0,6
BRDA:114,7,1,135
BRDA:114,8,0,141
BRDA:114,8,1,97
BRDA:124,9,0,1
BRDA:124,9,1,141
BRDA:125,10,0,142
BRDA:125,10,1,59
BRDA:125,10,2,141
BRDA:125,10,3,1
BRDA:133,11,0,1
BRDA:133,11,1,140
BRDA:138,12,0,133
BRDA:138,12,1,7
BRDA:140,13,0,79
BRDA:140,13,1,54
BRDA:144,14,0,3
BRDA:144,14,1,76
BRDA:144,15,0,79
BRDA:144,15,1,6
BRDA:148,16,0,27
BRDA:148,16,1,106
BRDA:150,17,0,76
BRDA:150,17,1,30
BRDA:151,18,0,76
BRDA:151,18,1,0
BRDA:153,19,0,30
BRDA:153,19,1,0
BRDA:154,20,0,30
BRDA:154,20,1,0
BRDA:157,21,0,1
BRDA:157,21,1,6
BRDA:157,22,0,7
BRDA:157,22,1,1
BRDA:161,23,0,1
BRDA:161,23,1,0
BRDA:161,24,0,1
BRDA:161,24,1,1
BRDA:180,25,0,135
BRDA:180,25,1,135
BRDA:185,26,0,135
BRDA:185,26,1,0
BRF:56
BRH:49
end_of_record
TN:
SF:D:\Projects\history\src\createMemoryHistory.ts
FN:19,(anonymous_3)
FN:21,(anonymous_4)
FN:22,(anonymous_5)
FN:28,(anonymous_6)
FN:35,(anonymous_7)
FN:52,(anonymous_8)
FN:58,(anonymous_9)
FN:80,(anonymous_10)
FN:92,(anonymous_11)
FN:113,(anonymous_12)
FN:127,(anonymous_13)
FN:130,(anonymous_14)
FNF:12
FNH:11
FNDA:91,(anonymous_3)
FNDA:91,(anonymous_4)
FNDA:0,(anonymous_5)
FNDA:91,(anonymous_6)
FNDA:29,(anonymous_7)
FNDA:11,(anonymous_8)
FNDA:11,(anonymous_9)
FNDA:26,(anonymous_10)
FNDA:10,(anonymous_11)
FNDA:91,(anonymous_12)
FNDA:36,(anonymous_13)
FNDA:6,(anonymous_14)
DA:8,1
DA:9,1
DA:10,1
DA:11,1
DA:12,1
DA:13,1
DA:19,1
DA:20,91
DA:21,91
DA:23,0
DA:24,0
DA:28,153
DA:29,91
DA:30,0
DA:31,91
DA:32,0
DA:35,91
DA:36,29
DA:37,29
DA:41,29
DA:42,6
DA:43,6
DA:46,29
DA:48,29
DA:52,91
DA:53,11
DA:54,11
DA:58,91
DA:59,11
DA:60,0
DA:62,11
DA:63,3
DA:69,3
DA:72,8
DA:73,8
DA:76,8
DA:80,91
DA:81,26
DA:83,26
DA:84,2
DA:86,26
DA:88,26
DA:92,91
DA:93,10
DA:94,10
DA:97,91
DA:105,91
DA:107,91
DA:108,0
DA:109,91
DA:110,91
DA:113,91
DA:115,91
DA:116,91
DA:118,0
DA:125,91
DA:127,91
DA:128,36
DA:130,91
DA:131,6
DA:133,91
DA:136,1
LF:62
LH:55
BRDA:28,0,0,62
BRDA:28,0,1,29
BRDA:29,1,0,0
BRDA:29,1,1,91
BRDA:31,2,0,0
BRDA:31,2,1,91
BRDA:41,3,0,6
BRDA:41,3,1,23
BRDA:41,4,0,29
BRDA:41,4,1,29
BRDA:54,5,0,11
BRDA:54,5,1,10
BRDA:59,6,0,0
BRDA:59,6,1,11
BRDA:62,7,0,3
BRDA:62,7,1,8
BRDA:83,8,0,2
BRDA:83,8,1,24
BRDA:107,9,0,0
BRDA:107,9,1,91
BRDA:109,10,0,91
BRDA:109,10,1,0
BRDA:115,11,0,91
BRDA:115,11,1,0
BRDA:119,12,0,0
BRDA:119,12,1,0
BRF:26
BRH:18
end_of_record
TN:
SF:D:\Projects\history\src\index.ts
FNF:0
FNH:0
DA:8,0
DA:10,0
DA:11,0
DA:12,0
DA:13,0
DA:15,0
DA:16,0
DA:17,0
DA:19,0
LF:9
LH:0
BRF:0
BRH:0
end_of_record
TN:
SF:D:\Projects\history\src\runTransitionHook.ts
FN:5,(anonymous_1)
FNF:1
FNH:1
FNDA:19,(anonymous_1)
DA:1,4
DA:5,4
DA:6,19
DA:8,19
DA:11,15
DA:13,4
DA:21,4
LF:7
LH:7
BRDA:8,0,0,15
BRDA:8,0,1,4
BRF:2
BRH:2
end_of_record
TN:
SF:D:\Projects\history\src\useBasename.ts
FN:7,(anonymous_5)
FN:7,(anonymous_6)
FN:12,(anonymous_7)
FN:32,(anonymous_8)
FN:49,(anonymous_9)
FN:52,(anonymous_10)
FN:54,(anonymous_11)
FN:58,(anonymous_12)
FN:59,(anonymous_13)
FN:62,(anonymous_14)
FN:65,(anonymous_15)
FN:68,(anonymous_16)
FN:71,(anonymous_17)
FN:74,(anonymous_18)
FNF:14
FNH:12
FNDA:27,(anonymous_5)
FNDA:27,(anonymous_6)
FNDA:39,(anonymous_7)
FNDA:33,(anonymous_8)
FNDA:12,(anonymous_9)
FNDA:0,(anonymous_10)
FNDA:0,(anonymous_11)
FNDA:12,(anonymous_12)
FNDA:18,(anonymous_13)
FNDA:9,(anonymous_14)
FNDA:9,(anonymous_15)
FNDA:3,(anonymous_16)
FNDA:3,(anonymous_17)
FNDA:9,(anonymous_18)
DA:1,3
DA:2,3
DA:7,27
DA:8,27
DA:9,27
DA:12,27
DA:13,39
DA:14,0
DA:16,39
DA:17,39
DA:18,27
DA:19,27
DA:21,27
DA:22,0
DA:24,12
DA:28,39
DA:32,27
DA:33,33
DA:34,0
DA:36,33
DA:37,33
DA:38,33
DA:39,33
DA:40,33
DA:42,33
DA:49,27
DA:50,12
DA:52,27
DA:53,0
DA:55,0
DA:58,27
DA:59,18
DA:62,27
DA:63,9
DA:65,27
DA:66,9
DA:68,27
DA:69,3
DA:71,27
DA:72,3
DA:74,27
DA:75,9
DA:77,27
DA:90,3
LF:44
LH:39
BRDA:7,0,0,0
BRDA:7,0,1,27
BRDA:13,1,0,0
BRDA:13,1,1,39
BRDA:16,2,0,39
BRDA:16,2,1,0
BRDA:16,3,0,39
BRDA:16,3,1,39
BRDA:17,4,0,27
BRDA:17,4,1,12
BRDA:21,5,0,0
BRDA:21,5,1,27
BRDA:33,6,0,0
BRDA:33,6,1,33
BRDA:36,7,0,18
BRDA:36,7,1,15
BRDA:38,8,0,0
BRDA:38,8,1,33
BRDA:39,9,0,33
BRDA:39,9,1,0
BRF:20
BRH:13
end_of_record
TN:
SF:D:\Projects\history\src\useBeforeUnload.ts
FN:14,(anonymous_3)
FN:15,(anonymous_4)
FN:28,(anonymous_5)
FN:37,(anonymous_6)
FN:43,(anonymous_7)
FN:49,(anonymous_8)
FN:57,(anonymous_9)
FN:61,(anonymous_10)
FN:62,(anonymous_11)
FNF:9
FNH:0
FNDA:0,(anonymous_3)
FNDA:0,(anonymous_4)
FNDA:0,(anonymous_5)
FNDA:0,(anonymous_6)
FNDA:0,(anonymous_7)
FNDA:0,(anonymous_8)
FNDA:0,(anonymous_9)
FNDA:0,(anonymous_10)
FNDA:0,(anonymous_11)
DA:8,0
DA:9,0
DA:10,0
DA:14,0
DA:15,0
DA:16,0
DA:18,0
DA:19,0
DA:20,0
DA:23,0
DA:26,0
DA:28,0
DA:29,0
DA:37,0
DA:38,0
DA:43,0
DA:44,0
DA:46,0
DA:49,0
DA:51,0
DA:52,0
DA:54,0
DA:57,0
DA:58,0
DA:59,0
DA:61,0
DA:62,0
DA:64,0
DA:65,0
DA:66,0
DA:71,0
DA:78,0
LF:32
LH:0
BRDA:18,0,0,0
BRDA:18,0,1,0
BRDA:19,1,0,0
BRDA:19,1,1,0
BRDA:51,2,0,0
BRDA:51,2,1,0
BRDA:58,3,0,0
BRDA:58,3,1,0
BRDA:64,4,0,0
BRDA:64,4,1,0
BRDA:64,5,0,0
BRDA:64,5,1,0
BRF:12
BRH:0
end_of_record
TN:
SF:D:\Projects\history\src\useQueries.ts
FN:8,(anonymous_5)
FN:18,(anonymous_6)
FN:19,(anonymous_7)
FN:30,(anonymous_8)
FN:41,(anonymous_9)
FN:56,(anonymous_10)
FN:59,(anonymous_11)
FN:61,(anonymous_12)
FN:65,(anonymous_13)
FN:66,(anonymous_14)
FN:69,(anonymous_15)
FN:72,(anonymous_16)
FN:75,(anonymous_17)
FN:78,(anonymous_18)
FN:81,(anonymous_19)
FNF:15
FNH:13
FNDA:36,(anonymous_5)
FNDA:54,(anonymous_6)
FNDA:54,(anonymous_7)
FNDA:45,(anonymous_8)
FNDA:63,(anonymous_9)
FNDA:12,(anonymous_10)
FNDA:0,(anonymous_11)
FNDA:0,(anonymous_12)
FNDA:12,(anonymous_13)
FNDA:21,(anonymous_14)
FNDA:12,(anonymous_15)
FNDA:9,(anonymous_16)
FNDA:24,(anonymous_17)
FNDA:6,(anonymous_18)
FNDA:12,(anonymous_19)
DA:1,3
DA:2,3
DA:3,3
DA:4,3
DA:8,3
DA:9,36
DA:11,3
DA:18,3
DA:19,87
DA:20,54
DA:21,54
DA:23,54
DA:24,33
DA:26,54
DA:27,33
DA:30,54
DA:31,45
DA:32,0
DA:34,45
DA:35,39
DA:37,45
DA:41,54
DA:42,63
DA:43,6
DA:45,57
DA:46,57
DA:47,57
DA:49,57
DA:56,54
DA:57,12
DA:59,54
DA:60,0
DA:62,0
DA:65,54
DA:66,21
DA:69,54
DA:70,12
DA:72,54
DA:73,9
DA:75,54
DA:76,24
DA:78,54
DA:79,6
DA:81,54
DA:83,12
DA:85,12
DA:86,6
DA:88,12
DA:91,54
DA:104,3
LF:50
LH:47
BRDA:19,0,0,33
BRDA:19,0,1,21
BRDA:23,1,0,33
BRDA:23,1,1,21
BRDA:26,2,0,33
BRDA:26,2,1,21
BRDA:31,3,0,0
BRDA:31,3,1,45
BRDA:34,4,0,39
BRDA:34,4,1,6
BRDA:42,5,0,6
BRDA:42,5,1,57
BRDA:45,6,0,0
BRDA:45,6,1,57
BRDA:47,7,0,51
BRDA:47,7,1,6
BRDA:85,8,0,6
BRDA:85,8,1,6
BRF:18
BRH:16
end_of_record
